2024-05-30 20:55:06,790 [INFO] MainUpdater:2873 - connection check result : 10
2024-05-30 20:55:07,029 [INFO] McuFinderGlobals:76 - Set McuFinderConnectedMode to true
2024-05-30 20:55:07,036 [INFO] MultiScanPanel:200 - Auto-refresh data requested => check proxy status ongoing
2024-05-30 20:55:07,038 [INFO] FinderPluginLoader:95 - Searching for filters in installed packs
2024-05-30 20:55:07,935 [INFO] LoadUrlFilesThread:185 - End of LoadServerUrlFiles without Thread
2024-05-30 20:55:07,937 [INFO] DetailPanel:341 - Set advertising image to C:/Users/rahee/STM32Cube/Repository/\en.prom-stm32h7rs-mcu-finder.jpg
2024-05-30 20:55:10,619 [INFO] MultiScanPanel:200 - Auto-refresh data requested => check proxy status ongoing
2024-05-30 20:55:10,659 [INFO] LoadUrlFilesThread:185 - End of LoadServerUrlFiles without Thread
2024-05-30 20:55:10,659 [INFO] DetailPanel:341 - Set advertising image to C:/Users/rahee/STM32Cube/Repository/\en.prom-stm32h7rs-mcu-finder.jpg
2024-05-30 20:55:12,980 [INFO] ApiDb:581 - Connected to CubeFinder SQLite database (C:\Users\rahee\.stmcufinder\plugins\mcufinder\mcu\cube-finder-db.db)
2024-05-30 20:55:31,580 [INFO] MainUpdater:2873 - connection check result : 10
2024-05-30 20:55:31,581 [INFO] MainUpdater:2873 - connection check result : 10
2024-05-30 20:55:31,883 [INFO] MicroXplorer:468 - Change Database Path : 
2024-05-30 20:55:31,883 [INFO] MicroXplorer:498 - Change Database Version : DB.6.0.110
2024-05-30 20:55:31,903 [ERROR] ProjectManagerView:394 - 
java.lang.NullPointerException: Cannot invoke "javax.swing.JTextField.getText()" because the return value of "java.util.List.get(int)" is null
	at com.st.microxplorer.plugins.projectmanager.gui.ProjectChoiceTab$10.caretUpdate(ProjectChoiceTab.java:2504) ~[filemanager.jar:?]
	at javax.swing.text.JTextComponent.fireCaretUpdate(JTextComponent.java:412) ~[?:?]
	at javax.swing.text.JTextComponent$MutableCaretEvent.fire(JTextComponent.java:4491) ~[?:?]
	at javax.swing.text.JTextComponent$MutableCaretEvent.stateChanged(JTextComponent.java:4513) ~[?:?]
	at javax.swing.text.DefaultCaret.fireStateChanged(DefaultCaret.java:842) ~[?:?]
	at javax.swing.text.DefaultCaret.changeCaretPosition(DefaultCaret.java:1313) ~[?:?]
	at javax.swing.text.DefaultCaret.handleSetDot(DefaultCaret.java:1212) ~[?:?]
	at javax.swing.text.DefaultCaret.setDot(DefaultCaret.java:1193) ~[?:?]
	at javax.swing.text.DefaultCaret$Handler.insertUpdate(DefaultCaret.java:1789) ~[?:?]
	at javax.swing.text.AbstractDocument.fireInsertUpdate(AbstractDocument.java:226) ~[?:?]
	at javax.swing.text.AbstractDocument.handleInsertString(AbstractDocument.java:780) ~[?:?]
	at javax.swing.text.AbstractDocument.insertString(AbstractDocument.java:739) ~[?:?]
	at javax.swing.text.PlainDocument.insertString(PlainDocument.java:131) ~[?:?]
	at javax.swing.text.AbstractDocument.replace(AbstractDocument.java:698) ~[?:?]
	at javax.swing.text.JTextComponent.setText(JTextComponent.java:1729) ~[?:?]
	at com.st.microxplorer.plugins.projectmanager.gui.ProjectChoiceTab.createHeapStackFields(ProjectChoiceTab.java:944) ~[filemanager.jar:?]
	at com.st.microxplorer.plugins.projectmanager.gui.ProjectChoiceTab.buildLinkSettingsPanel(ProjectChoiceTab.java:3475) ~[filemanager.jar:?]
	at com.st.microxplorer.plugins.projectmanager.gui.ProjectChoiceTab.defineWindowsFields(ProjectChoiceTab.java:1816) ~[filemanager.jar:?]
	at com.st.microxplorer.plugins.projectmanager.gui.ProjectChoiceTab.updateSettings(ProjectChoiceTab.java:544) ~[filemanager.jar:?]
	at com.st.microxplorer.plugins.projectmanager.gui.ProjectSettingsPanel.UpdateDialog(ProjectSettingsPanel.java:245) ~[filemanager.jar:?]
	at com.st.microxplorer.plugins.projectmanager.ProjectManagerView.propertyChange(ProjectManagerView.java:391) ~[filemanager.jar:?]
	at java.beans.PropertyChangeSupport.fire(PropertyChangeSupport.java:343) ~[?:?]
	at java.beans.PropertyChangeSupport.firePropertyChange(PropertyChangeSupport.java:335) ~[?:?]
	at java.beans.PropertyChangeSupport.firePropertyChange(PropertyChangeSupport.java:268) ~[?:?]
	at com.st.microxplorer.util.MXPropertyChangeSupport.firePropertyChange(MXPropertyChangeSupport.java:54) ~[STM32CubeMX.jar:?]
	at com.st.microxplorer.mxsystem.MxSystem.closeConfig(MxSystem.java:900) ~[STM32CubeMX.jar:?]
	at com.st.microxplorer.maingui.MainPanel.closeConfig(MainPanel.java:776) ~[STM32CubeMX.jar:?]
	at com.st.microxplorer.plugins.filemanager.engine.OpenFileManager.loadConfigurationFile(OpenFileManager.java:245) ~[filemanager.jar:?]
	at com.st.microxplorer.plugins.filemanager.engine.MainFileManager.userLoadConfig(MainFileManager.java:315) ~[filemanager.jar:?]
	at com.st.microxplorer.plugins.filemanager.FileManagerView.getSpecificTask(FileManagerView.java:251) ~[filemanager.jar:?]
	at com.st.stm32cube.common.mx.editor.CubeMxEditor.getMxTabbedPaneInstance(CubeMxEditor.java:1191) ~[com.st.stm32cube.common.mx_6.11.0.202403141607/:?]
	at com.st.stm32cube.common.mx.editor.CubeMxEditor$12$1.createSwingComponent(CubeMxEditor.java:1068) ~[com.st.stm32cube.common.mx_6.11.0.202403141607/:?]
	at com.st.stm32cube.common.mx.oss.core.awtswtbridge.EmbeddedSwingComposite.doComponentCreation(EmbeddedSwingComposite.java:492) ~[com.st.stm32cube.common.mx.oss_6.11.0.202403141607/:?]
	at com.st.stm32cube.common.mx.oss.core.awtswtbridge.EmbeddedSwingComposite$4.run(EmbeddedSwingComposite.java:291) ~[com.st.stm32cube.common.mx.oss_6.11.0.202403141607/:?]
	at com.st.stm32cube.common.mx.oss.core.awtswtbridge.AwtEnvironment$2.run(AwtEnvironment.java:166) ~[com.st.stm32cube.common.mx.oss_6.11.0.202403141607/:?]
	at java.awt.event.InvocationEvent.dispatch(InvocationEvent.java:318) ~[?:?]
	at java.awt.EventQueue.dispatchEventImpl(EventQueue.java:773) ~[?:?]
	at java.awt.EventQueue$4.run(EventQueue.java:720) ~[?:?]
	at java.awt.EventQueue$4.run(EventQueue.java:714) ~[?:?]
	at java.security.AccessController.doPrivileged(AccessController.java:399) ~[?:?]
	at java.security.ProtectionDomain$JavaSecurityAccessImpl.doIntersectionPrivilege(ProtectionDomain.java:86) ~[?:?]
	at java.awt.EventQueue.dispatchEvent(EventQueue.java:742) ~[?:?]
	at java.awt.EventDispatchThread.pumpOneEventForFilters(EventDispatchThread.java:203) ~[?:?]
	at java.awt.EventDispatchThread.pumpEventsForFilter(EventDispatchThread.java:124) ~[?:?]
	at java.awt.EventDispatchThread.pumpEventsForHierarchy(EventDispatchThread.java:113) ~[?:?]
	at java.awt.EventDispatchThread.pumpEvents(EventDispatchThread.java:109) ~[?:?]
	at java.awt.EventDispatchThread.pumpEvents(EventDispatchThread.java:101) ~[?:?]
	at java.awt.EventDispatchThread.run(EventDispatchThread.java:90) ~[?:?]
2024-05-30 20:55:31,921 [WARN] ThirdParty:871 - waiting for thirdparty lock release [close project]
2024-05-30 20:55:31,921 [INFO] ThirdParty:873 - entering critical section [close project]
2024-05-30 20:55:31,921 [INFO] ThirdParty:883 - exiting critical section [close project]
2024-05-30 20:55:31,923 [INFO] PinOutPanel:1561 - setPackage(No Configuration,No Configuration)
2024-05-30 20:55:31,941 [INFO] UtilMem:75 - Begin LoadConfig() Used Memory: 933918968 Bytes (1073741824)
2024-05-30 20:55:31,942 [INFO] OpenFileManager:312 - Change cursor
2024-05-30 20:55:31,961 [INFO] RulesReader:64 - Compatibility file has been processed (297 Rules)
2024-05-30 20:55:31,971 [INFO] ProjectFactory:442 - No CPN specified for board NUCLEO-L4A6ZG => set CPN to STM32L4A6ZGT6
2024-05-30 20:55:31,971 [INFO] Mcu:2021 - Initializing MCU STM32L4A6ZGTx STM32L4A6ZGTx STM32L4A6ZGT6
2024-05-30 20:55:33,694 [INFO] Context:663 - Trying to add GPIOservice into a context  which must be forbidden
2024-05-30 20:55:34,035 [INFO] Rule:228 - rule 117617 - U5Cobra4M][GTZC] default value MPCBB3 and MPCBB5 - Not Secured memory - MPCBB1 is applicable
2024-05-30 20:55:34,035 [INFO] Rule:228 - rule 117617 - U5Cobra4M][GTZC] default value MPCBB3 and MPCBB5 - Not Secured memory - MPCBB1 is applicable
2024-05-30 20:55:34,035 [INFO] Rule:228 - rule 117617 - U5Cobra4M][GTZC] default value MPCBB3 and MPCBB5 - Not Secured memory - MPCBB2 is applicable
2024-05-30 20:55:34,035 [INFO] Rule:228 - rule 117617 - U5Cobra4M][GTZC] default value MPCBB3 and MPCBB5 - Not Secured memory - MPCBB2 is applicable
2024-05-30 20:55:34,035 [INFO] Rule:228 - rule 117617 - U5Cobra4M][GTZC] default value MPCBB3 and MPCBB5 - Not Secured memory - MPCBB3 is applicable
2024-05-30 20:55:34,035 [INFO] Rule:228 - rule 117617 - U5Cobra4M][GTZC] default value MPCBB3 and MPCBB5 - Not Secured memory - MPCBB3 is applicable
2024-05-30 20:55:34,035 [INFO] Rule:228 - rule 117617 - U5Cobra4M][GTZC] default value MPCBB3 and MPCBB5 - Not Secured memory - MPCBB4 is applicable
2024-05-30 20:55:34,035 [INFO] Rule:228 - rule 117617 - U5Cobra4M][GTZC] default value MPCBB3 and MPCBB5 - Not Secured memory - MPCBB4 is applicable
2024-05-30 20:55:34,035 [INFO] Rule:228 - rule 117617 - U5Cobra4M][GTZC] default value MPCBB3 and MPCBB5 - Secured memory - MPCBB1 is applicable
2024-05-30 20:55:34,035 [INFO] Rule:228 - rule 117617 - U5Cobra4M][GTZC] default value MPCBB3 and MPCBB5 - Secured memory - MPCBB2 is applicable
2024-05-30 20:55:34,035 [INFO] Rule:228 - rule 117617 - U5Cobra4M][GTZC] default value MPCBB3 and MPCBB5 - Secured memory - MPCBB3 is applicable
2024-05-30 20:55:34,035 [INFO] Rule:228 - rule 117617 - U5Cobra4M][GTZC] default value MPCBB3 and MPCBB5 - Secured memory - MPCBB4 is applicable
2024-05-30 20:55:34,035 [INFO] Rule:228 - rule 117617 - U5Cobra4M][GTZC] default value MPCBB3 and MPCBB5 - Privileged memory - MPCBB1 is applicable
2024-05-30 20:55:34,035 [INFO] Rule:228 - rule 117617 - U5Cobra4M][GTZC] default value MPCBB3 and MPCBB5 - Privileged memory - MPCBB2 is applicable
2024-05-30 20:55:34,035 [INFO] Rule:228 - rule 117617 - U5Cobra4M][GTZC] default value MPCBB3 and MPCBB5 - Privileged memory - MPCBB3 is applicable
2024-05-30 20:55:34,035 [INFO] Rule:228 - rule 117617 - U5Cobra4M][GTZC] default value MPCBB3 and MPCBB5 - Privileged memory - MPCBB4 is applicable
2024-05-30 20:55:34,035 [INFO] Rule:228 - rule 117617 - U5Cobra4M][GTZC] default value MPCBB3 and MPCBB5 - Not Privileged memory - MPCBB1 is applicable
2024-05-30 20:55:34,035 [INFO] Rule:228 - rule 117617 - U5Cobra4M][GTZC] default value MPCBB3 and MPCBB5 - Not Privileged memory - MPCBB2 is applicable
2024-05-30 20:55:34,035 [INFO] Rule:228 - rule 117617 - U5Cobra4M][GTZC] default value MPCBB3 and MPCBB5 - Not Privileged memory - MPCBB3 is applicable
2024-05-30 20:55:34,035 [INFO] Rule:228 - rule 117617 - U5Cobra4M][GTZC] default value MPCBB3 and MPCBB5 - Not Privileged memory - MPCBB4 is applicable
2024-05-30 20:55:34,035 [INFO] Rule:228 - rule 117617 - U5Cobra4M][GTZC] default value MPCBB3 and MPCBB5 - Privileged memory - MPCBB1 is applicable
2024-05-30 20:55:34,035 [INFO] Rule:228 - rule 117617 - U5Cobra4M][GTZC] default value MPCBB3 and MPCBB5 - Privileged memory - MPCBB2 is applicable
2024-05-30 20:55:34,035 [INFO] Rule:228 - rule 117617 - U5Cobra4M][GTZC] default value MPCBB3 and MPCBB5 - Privileged memory - MPCBB3 is applicable
2024-05-30 20:55:34,035 [INFO] Rule:228 - rule 117617 - U5Cobra4M][GTZC] default value MPCBB3 and MPCBB5 - Privileged memory - MPCBB4 is applicable
2024-05-30 20:55:34,035 [INFO] Rule:228 - rule 117617 - U5Cobra4M][GTZC] default value MPCBB3 and MPCBB5 - Privileged memory - MPCBB1 is applicable
2024-05-30 20:55:34,035 [INFO] Rule:228 - rule 117617 - U5Cobra4M][GTZC] default value MPCBB3 and MPCBB5 - Privileged memory - MPCBB2 is applicable
2024-05-30 20:55:34,035 [INFO] Rule:228 - rule 117617 - U5Cobra4M][GTZC] default value MPCBB3 and MPCBB5 - Privileged memory - MPCBB3 is applicable
2024-05-30 20:55:34,035 [INFO] Rule:228 - rule 117617 - U5Cobra4M][GTZC] default value MPCBB3 and MPCBB5 - Privileged memory - MPCBB4 is applicable
2024-05-30 20:55:34,035 [INFO] Rule:228 - rule 117617 - U5Cobra4M][GTZC] default value MPCBB3 and MPCBB5 - Not Privileged memory - MPCBB1 is applicable
2024-05-30 20:55:34,035 [INFO] Rule:228 - rule 117617 - U5Cobra4M][GTZC] default value MPCBB3 and MPCBB5 - Not Privileged memory - MPCBB2 is applicable
2024-05-30 20:55:34,035 [INFO] Rule:228 - rule 117617 - U5Cobra4M][GTZC] default value MPCBB3 and MPCBB5 - Not Privileged memory - MPCBB3 is applicable
2024-05-30 20:55:34,035 [INFO] Rule:228 - rule 117617 - U5Cobra4M][GTZC] default value MPCBB3 and MPCBB5 - Not Privileged memory - MPCBB4 is applicable
2024-05-30 20:55:34,035 [INFO] Rule:228 - rule 117617 - U5Cobra4M][GTZC] default value MPCBB3 and MPCBB5 - Privileged memory - MPCBB1 is applicable
2024-05-30 20:55:34,035 [INFO] Rule:228 - rule 117617 - U5Cobra4M][GTZC] default value MPCBB3 and MPCBB5 - Privileged memory - MPCBB2 is applicable
2024-05-30 20:55:34,036 [INFO] Rule:228 - rule 117617 - U5Cobra4M][GTZC] default value MPCBB3 and MPCBB5 - Privileged memory - MPCBB3 is applicable
2024-05-30 20:55:34,036 [INFO] Rule:228 - rule 117617 - U5Cobra4M][GTZC] default value MPCBB3 and MPCBB5 - Privileged memory - MPCBB4 is applicable
2024-05-30 20:55:34,036 [INFO] Rule:228 - rule Rename SubGHz_Phy SUBGHZ_APPLICATION SUBGHZ_PINGPONG to SUBGHZ_ADV_APPLICATION is applicable
2024-05-30 20:55:34,036 [INFO] Rule:228 - rule GTZC_S instance for project manager is applicable
2024-05-30 20:55:34,036 [INFO] Rule:228 - rule GTZC_S instance for context M33S is applicable
2024-05-30 20:55:34,036 [INFO] Rule:228 - rule GTZC_S instance value for IP GTZC is applicable
2024-05-30 20:55:34,036 [INFO] Rule:228 - rule GTZC_S instance for mcu.IP is applicable
2024-05-30 20:55:34,036 [INFO] Rule:228 - rule GTZC_S instance for VP is applicable
2024-05-30 20:55:34,036 [INFO] Rule:228 - rule GTZC_S instance for signal is applicable
2024-05-30 20:55:34,036 [INFO] Rule:228 - rule GTZC_S instance for VP is applicable
2024-05-30 20:55:34,036 [INFO] Rule:228 - rule GTZC_S instance for signal is applicable
2024-05-30 20:55:34,036 [INFO] Rule:228 - rule GTZC_S instance for mcu is applicable
2024-05-30 20:55:34,036 [INFO] Rule:228 - rule GTZC_S instance for mcu.Pin is applicable
2024-05-30 20:55:34,036 [INFO] Rule:228 - rule GTZC_S instance value for IP GTZC is applicable
2024-05-30 20:55:34,036 [INFO] Rule:228 - rule GTZC_S instance for project manager is applicable
2024-05-30 20:55:34,036 [INFO] Rule:228 - rule GTZC_S instance for context M33S is applicable
2024-05-30 20:55:34,036 [INFO] Rule:228 - rule GTZC_S instance for VP is applicable
2024-05-30 20:55:34,036 [INFO] Rule:228 - rule GTZC_S instance for signal is applicable
2024-05-30 20:55:34,036 [INFO] Rule:228 - rule WakeUp0 Mode is applicable
2024-05-30 20:55:34,036 [INFO] Rule:228 - rule WakeUp0 SIGNAL is applicable
2024-05-30 20:55:34,036 [INFO] Rule:228 - rule WakeUp1 Mode is applicable
2024-05-30 20:55:34,036 [INFO] Rule:228 - rule WakeUp1 SIGNAL is applicable
2024-05-30 20:55:34,036 [INFO] Rule:228 - rule WakeUp2 Mode is applicable
2024-05-30 20:55:34,036 [INFO] Rule:228 - rule WakeUp2 SIGNAL is applicable
2024-05-30 20:55:34,036 [INFO] Rule:228 - rule WakeUp4 Mode is applicable
2024-05-30 20:55:34,036 [INFO] Rule:228 - rule WakeUp4 SIGNAL is applicable
2024-05-30 20:55:34,036 [INFO] Rule:228 - rule WakeUp5 Mode is applicable
2024-05-30 20:55:34,036 [INFO] Rule:228 - rule WakeUp5 SIGNAL is applicable
2024-05-30 20:55:34,036 [INFO] Rule:228 - rule Change Default Value for LSE Drive Capability for WB family is applicable
2024-05-30 20:55:34,036 [INFO] Rule:228 - rule Change Default Value for ADC Clock Prescaler G0 family is applicable
2024-05-30 20:55:34,036 [INFO] Rule:228 - rule Change GPIO_Pu Default Value for I2C is applicable
2024-05-30 20:55:34,036 [INFO] Rule:228 - rule Change GPIO_Pu Default Value for SMBus is applicable
2024-05-30 20:55:34,036 [INFO] Rule:228 - rule change FDCAN default value is applicable
2024-05-30 20:55:34,037 [INFO] DbConfProperties:307 - Apply Compatibility (3/67 Rules)
2024-05-30 20:55:34,144 [INFO] RtosManager:555 - Registered RTOS mode: class=CMSIS, group=RTOS, mode=CMSIS_V1, owner=FREERTOS
2024-05-30 20:55:34,144 [INFO] RtosManager:555 - Registered RTOS mode: class=CMSIS, group=RTOS2, mode=CMSIS_V2, owner=FREERTOS
2024-05-30 20:55:34,144 [INFO] RtosManager:555 - Registered RTOS mode: class=RTOS, group=Core, mode=CMSIS_V1, owner=FREERTOS
2024-05-30 20:55:34,144 [INFO] RtosManager:555 - Registered RTOS mode: class=RTOS, group=Core, mode=CMSIS_V2, owner=FREERTOS
2024-05-30 20:55:34,144 [WARN] ModelIntegratedComponent:184 - Missing modes for component STMicroelectronics:FreeRTOS:0.0.1:STMicroelectronics:RTOS:FreeRTOS:Core:::10.2.0:
2024-05-30 20:55:34,147 [WARN] ModelIntegratedComponent:63 - No mode defined for component null
2024-05-30 20:55:34,147 [WARN] ModelIntegratedComponent:63 - No mode defined for component null
2024-05-30 20:55:34,147 [WARN] ModelIntegratedComponent:63 - No mode defined for component null
2024-05-30 20:55:34,147 [WARN] ModelIntegratedComponent:63 - No mode defined for component null
2024-05-30 20:55:34,147 [WARN] ModelIntegratedComponent:63 - No mode defined for component null
2024-05-30 20:55:34,147 [WARN] ModelIntegratedComponent:63 - No mode defined for component null
2024-05-30 20:55:34,147 [WARN] ModelIntegratedComponent:63 - No mode defined for component null
2024-05-30 20:55:34,147 [WARN] ModelIntegratedComponent:63 - No mode defined for component null
2024-05-30 20:55:34,147 [WARN] ModelIntegratedComponent:63 - No mode defined for component null
2024-05-30 20:55:34,147 [WARN] ModelIntegratedComponent:63 - No mode defined for component null
2024-05-30 20:55:34,147 [WARN] ModelIntegratedComponent:63 - No mode defined for component null
2024-05-30 20:55:34,147 [WARN] ModelIntegratedComponent:63 - No mode defined for component null
2024-05-30 20:55:34,147 [WARN] ModelIntegratedComponent:63 - No mode defined for component null
2024-05-30 20:55:34,147 [WARN] ModelIntegratedComponent:63 - No mode defined for component null
2024-05-30 20:55:34,147 [WARN] ModelIntegratedComponent:63 - No mode defined for component null
2024-05-30 20:55:34,147 [WARN] ModelIntegratedComponent:63 - No mode defined for component null
2024-05-30 20:55:34,147 [WARN] ModelIntegratedComponent:63 - No mode defined for component null
2024-05-30 20:55:34,147 [WARN] ModelIntegratedComponent:63 - No mode defined for component null
2024-05-30 20:55:34,147 [WARN] ModelIntegratedComponent:63 - No mode defined for component null
2024-05-30 20:55:34,147 [WARN] ModelIntegratedComponent:63 - No mode defined for component null
2024-05-30 20:55:34,147 [WARN] ModelIntegratedComponent:63 - No mode defined for component null
2024-05-30 20:55:34,147 [WARN] ModelIntegratedComponent:63 - No mode defined for component null
2024-05-30 20:55:34,147 [WARN] ModelIntegratedComponent:63 - No mode defined for component null
2024-05-30 20:55:34,147 [WARN] ModelIntegratedComponent:63 - No mode defined for component null
2024-05-30 20:55:34,147 [WARN] ModelIntegratedComponent:63 - No mode defined for component null
2024-05-30 20:55:34,147 [WARN] ModelIntegratedComponent:63 - No mode defined for component null
2024-05-30 20:55:34,147 [WARN] ModelIntegratedComponent:63 - No mode defined for component null
2024-05-30 20:55:34,147 [WARN] ModelIntegratedComponent:63 - No mode defined for component null
2024-05-30 20:55:34,147 [WARN] ModelIntegratedComponent:63 - No mode defined for component null
2024-05-30 20:55:34,147 [WARN] ModelIntegratedComponent:63 - No mode defined for component null
2024-05-30 20:55:34,147 [WARN] ModelIntegratedComponent:63 - No mode defined for component null
2024-05-30 20:55:34,147 [WARN] ModelIntegratedComponent:63 - No mode defined for component null
2024-05-30 20:55:34,147 [WARN] ModelIntegratedComponent:63 - No mode defined for component null
2024-05-30 20:55:34,147 [WARN] ModelIntegratedComponent:63 - No mode defined for component null
2024-05-30 20:55:34,265 [INFO] ThirdPartyModel:298 - Start build external matchings
2024-05-30 20:55:35,831 [INFO] ThirdPartyModel:316 - End build external matchings
2024-05-30 20:55:36,141 [INFO] UtilMem:75 - End LoadConfig() Used Memory: 870824352 Bytes (1073741824)
2024-05-30 20:55:36,155 [WARN] ThirdParty:833 - waiting for thirdparty lock release [change project]
2024-05-30 20:55:36,155 [INFO] ThirdParty:835 - entering critical section [change project]
2024-05-30 20:55:36,155 [INFO] ThirdParty:1030 - CMSIS Pack Vendor :STMicroelectronics USBPD 4.1
2024-05-30 20:55:36,155 [INFO] ThirdParty:1030 - CMSIS Pack Vendor :STMicroelectronics X-CUBE-GNSS1 6.0.0
2024-05-30 20:55:36,155 [INFO] ThirdParty:1030 - CMSIS Pack Vendor :STMicroelectronics USB_HOST 2.0.0
2024-05-30 20:55:36,155 [INFO] ThirdParty:1030 - CMSIS Pack Vendor :STMicroelectronics FP-SNS-MOTENVWB1 1.4.0
2024-05-30 20:55:36,155 [INFO] ThirdParty:1030 - CMSIS Pack Vendor :STMicroelectronics X-CUBE-AZRTOS-F4 1.1.0
2024-05-30 20:55:36,155 [INFO] ThirdParty:1030 - CMSIS Pack Vendor :STMicroelectronics LIBJPEG 8.0.0
2024-05-30 20:55:36,155 [INFO] ThirdParty:1030 - CMSIS Pack Vendor :STMicroelectronics X-CUBE-SMBUS 2.1.0
2024-05-30 20:55:36,155 [INFO] ThirdParty:1030 - CMSIS Pack Vendor :STMicroelectronics X-CUBE-FREERTOS 1.2.0
2024-05-30 20:55:36,155 [INFO] ThirdParty:1030 - CMSIS Pack Vendor :STMicroelectronics X-CUBE-TOUCHGFX 4.23.1
2024-05-30 20:55:36,155 [INFO] ThirdParty:1030 - CMSIS Pack Vendor :STMicroelectronics X-CUBE-TOUCHGFX 4.23.2
2024-05-30 20:55:36,155 [INFO] ThirdParty:1030 - CMSIS Pack Vendor :STMicroelectronics X-CUBE-AZRTOS-F7 1.1.0
2024-05-30 20:55:36,155 [INFO] ThirdParty:1030 - CMSIS Pack Vendor :STMicroelectronics X-CUBE-AZRTOS-L5 2.0.0
2024-05-30 20:55:36,155 [INFO] ThirdParty:1030 - CMSIS Pack Vendor :STMicroelectronics USB_DEVICE 2.0.0
2024-05-30 20:55:36,155 [INFO] ThirdParty:1030 - CMSIS Pack Vendor :STMicroelectronics X-CUBE-MEMS1 9.6.0
2024-05-30 20:55:36,155 [INFO] ThirdParty:1030 - CMSIS Pack Vendor :STMicroelectronics X-CUBE-EEPRMA1 4.2.0
2024-05-30 20:55:36,155 [INFO] ThirdParty:1030 - CMSIS Pack Vendor :STMicroelectronics X-CUBE-NFC6 3.1.0
2024-05-30 20:55:36,155 [INFO] ThirdParty:1030 - CMSIS Pack Vendor :ITTIA_DB I-CUBE-ITTIADB 8.8.0
2024-05-30 20:55:36,155 [INFO] ThirdParty:1030 - CMSIS Pack Vendor :STMicroelectronics FP-SNS-MOTENV1 4.3.2
2024-05-30 20:55:36,156 [INFO] ThirdParty:1030 - CMSIS Pack Vendor :STMicroelectronics X-CUBE-BLE1 6.2.3
2024-05-30 20:55:36,156 [INFO] ThirdParty:1030 - CMSIS Pack Vendor :STMicroelectronics X-CUBE-BLE1 6.2.4
2024-05-30 20:55:36,156 [INFO] ThirdParty:1030 - CMSIS Pack Vendor :STMicroelectronics FreeRTOS 0.0.1
2024-05-30 20:55:36,156 [INFO] ThirdParty:1030 - CMSIS Pack Vendor :STMicroelectronics X-CUBE-BLEMGR 2.0.0
2024-05-30 20:55:36,156 [INFO] ThirdParty:1030 - CMSIS Pack Vendor :STMicroelectronics FP-SNS-FLIGHT1 5.0.2
2024-05-30 20:55:36,156 [INFO] ThirdParty:1030 - CMSIS Pack Vendor :STMicroelectronics X-CUBE-NFC4 2.0.4
2024-05-30 20:55:36,156 [INFO] ThirdParty:1030 - CMSIS Pack Vendor :STMicroelectronics X-CUBE-AI 9.0.0
2024-05-30 20:55:36,156 [INFO] ThirdParty:1030 - CMSIS Pack Vendor :STMicroelectronics X-CUBE-AZRTOS-H7 3.1.0
2024-05-30 20:55:36,156 [INFO] ThirdParty:1030 - CMSIS Pack Vendor :STMicroelectronics PDM2PCM 3.3.0
2024-05-30 20:55:36,156 [INFO] ThirdParty:1030 - CMSIS Pack Vendor :STMicroelectronics X-CUBE-TOF1 3.1.0
2024-05-30 20:55:36,156 [INFO] ThirdParty:1030 - CMSIS Pack Vendor :STMicroelectronics X-CUBE-DISPLAY 3.0.0
2024-05-30 20:55:36,156 [INFO] ThirdParty:1030 - CMSIS Pack Vendor :STMicroelectronics X-CUBE-BLE1 7.0.0
2024-05-30 20:55:36,156 [INFO] ThirdParty:1030 - CMSIS Pack Vendor :wolfSSL I-CUBE-wolfSSL 5.5.0
2024-05-30 20:55:36,156 [INFO] ThirdParty:1030 - CMSIS Pack Vendor :STMicroelectronics HAL Drivers 0.0.0
2024-05-30 20:55:36,156 [INFO] ThirdParty:1030 - CMSIS Pack Vendor :STMicroelectronics X-CUBE-TOUCHGFX 4.22.0
2024-05-30 20:55:36,156 [INFO] ThirdParty:1030 - CMSIS Pack Vendor :STMicroelectronics X-CUBE-NFC7 1.0.1
2024-05-30 20:55:36,156 [INFO] ThirdParty:1030 - CMSIS Pack Vendor :STMicroelectronics MBEDTLS 2.14.1
2024-05-30 20:55:36,156 [INFO] ThirdParty:1030 - CMSIS Pack Vendor :STMicroelectronics X-CUBE-NFC7 1.0.0
2024-05-30 20:55:36,156 [INFO] ThirdParty:1030 - CMSIS Pack Vendor :STMicroelectronics X-CUBE-TOUCHGFX 4.22.1
2024-05-30 20:55:36,156 [INFO] ThirdParty:1030 - CMSIS Pack Vendor :STMicroelectronics X-CUBE-NFC6 3.0.0
2024-05-30 20:55:36,156 [INFO] ThirdParty:1030 - CMSIS Pack Vendor :STMicroelectronics X-CUBE-MEMS1 9.3.0
2024-05-30 20:55:36,156 [INFO] ThirdParty:1030 - CMSIS Pack Vendor :STMicroelectronics X-CUBE-EEPRMA1 4.1.0
2024-05-30 20:55:36,156 [INFO] ThirdParty:1030 - CMSIS Pack Vendor :STMicroelectronics X-CUBE-AI 7.2.0
2024-05-30 20:55:36,157 [INFO] ThirdParty:1030 - CMSIS Pack Vendor :STMicroelectronics X-CUBE-BLEMGR 3.1.0
2024-05-30 20:55:36,157 [INFO] ThirdParty:1030 - CMSIS Pack Vendor :STMicroelectronics FP-SNS-SMARTAG2 1.2.0
2024-05-30 20:55:36,157 [INFO] ThirdParty:1030 - CMSIS Pack Vendor :STMicroelectronics X-CUBE-AZRTOS-WL 2.0.0
2024-05-30 20:55:36,157 [INFO] ThirdParty:1030 - CMSIS Pack Vendor :STMicroelectronics FP-SNS-MOTENV1 5.0.0
2024-05-30 20:55:36,157 [INFO] ThirdParty:1030 - CMSIS Pack Vendor :STMicroelectronics USB_DEVICE 1.0.0
2024-05-30 20:55:36,157 [INFO] ThirdParty:1030 - CMSIS Pack Vendor :STMicroelectronics X-CUBE-AI 8.1.0
2024-05-30 20:55:36,157 [INFO] ThirdParty:1030 - CMSIS Pack Vendor :STMicroelectronics X-CUBE-AZRTOS-L4 2.0.0
2024-05-30 20:55:36,157 [INFO] ThirdParty:1030 - CMSIS Pack Vendor :STMicroelectronics ThreadX 0.0.2
2024-05-30 20:55:36,157 [INFO] ThirdParty:1030 - CMSIS Pack Vendor :WES I-CUBE-Cesium 1.3.0
2024-05-30 20:55:36,157 [INFO] ThirdParty:1030 - CMSIS Pack Vendor :STMicroelectronics lwIP 2.1.2
2024-05-30 20:55:36,157 [INFO] ThirdParty:1030 - CMSIS Pack Vendor :STMicroelectronics X-CUBE-SFXS2LP1 4.0.0
2024-05-30 20:55:36,157 [INFO] ThirdParty:1030 - CMSIS Pack Vendor :STMicroelectronics X-CUBE-BLE2 3.3.0
2024-05-30 20:55:36,157 [INFO] ThirdParty:1030 - CMSIS Pack Vendor :STMicroelectronics X-CUBE-DISPLAY 2.2.0
2024-05-30 20:55:36,157 [INFO] ThirdParty:1030 - CMSIS Pack Vendor :STMicroelectronics PDM2PCM 3.2.0
2024-05-30 20:55:36,157 [INFO] ThirdParty:1030 - CMSIS Pack Vendor :STMicroelectronics X-CUBE-ISPU 1.0.0
2024-05-30 20:55:36,157 [INFO] ThirdParty:1030 - CMSIS Pack Vendor :STMicroelectronics X-CUBE-ISPU 1.1.0
2024-05-30 20:55:36,157 [INFO] ThirdParty:1030 - CMSIS Pack Vendor :RoweBots I-CUBE-UNISONRTOS 5.5.0-4
2024-05-30 20:55:36,157 [INFO] ThirdParty:1030 - CMSIS Pack Vendor :STMicroelectronics X-CUBE-AZRTOS-H7 2.1.0
2024-05-30 20:55:36,157 [INFO] ThirdParty:1030 - CMSIS Pack Vendor :STMicroelectronics USB_DEVICE 3.0.0
2024-05-30 20:55:36,157 [INFO] ThirdParty:1030 - CMSIS Pack Vendor :STMicroelectronics X-CUBE-TCPP 4.1.0
2024-05-30 20:55:36,157 [INFO] ThirdParty:1030 - CMSIS Pack Vendor :STMicroelectronics X-CUBE-AZRTOS-WB 2.0.0
2024-05-30 20:55:36,157 [INFO] ThirdParty:1030 - CMSIS Pack Vendor :STMicroelectronics X-CUBE-FREERTOS 1.0.1
2024-05-30 20:55:36,157 [INFO] ThirdParty:1030 - CMSIS Pack Vendor :STMicroelectronics X-CUBE-BLEMGR 1.0.0
2024-05-30 20:55:36,157 [INFO] ThirdParty:1030 - CMSIS Pack Vendor :STMicroelectronics X-CUBE-ALGOBUILD 1.3.0
2024-05-30 20:55:36,157 [INFO] ThirdParty:1030 - CMSIS Pack Vendor :STMicroelectronics X-CUBE-AZRTOS-L5 1.1.0
2024-05-30 20:55:36,157 [INFO] ThirdParty:1030 - CMSIS Pack Vendor :STMicroelectronics X-CUBE-AZRTOS-G0 1.1.0
2024-05-30 20:55:36,157 [INFO] ThirdParty:1030 - CMSIS Pack Vendor :STMicroelectronics X-CUBE-AI 8.0.1
2024-05-30 20:55:36,157 [INFO] ThirdParty:1030 - CMSIS Pack Vendor :STMicroelectronics X-CUBE-SAFEA1 1.2.2
2024-05-30 20:55:36,157 [INFO] ThirdParty:1030 - CMSIS Pack Vendor :STMicroelectronics X-CUBE-NFC4 3.0.0
2024-05-30 20:55:36,157 [INFO] ThirdParty:1030 - CMSIS Pack Vendor :SEGGER I-CUBE-embOS 1.2.0
2024-05-30 20:55:36,157 [INFO] ThirdParty:1030 - CMSIS Pack Vendor :STMicroelectronics X-CUBE-SUBG2 5.0.0
2024-05-30 20:55:36,157 [INFO] ThirdParty:1030 - CMSIS Pack Vendor :STMicroelectronics STM32_WPAN 1.0.0
2024-05-30 20:55:36,157 [INFO] ThirdParty:1030 - CMSIS Pack Vendor :STMicroelectronics lwIP 2.0.3
2024-05-30 20:55:36,157 [INFO] ThirdParty:1030 - CMSIS Pack Vendor :Cesanta I-CUBE-Mongoose 7.13.0
2024-05-30 20:55:36,157 [INFO] ThirdParty:1030 - CMSIS Pack Vendor :STMicroelectronics USB_HOST 1.0.0
2024-05-30 20:55:36,157 [INFO] ThirdParty:1030 - CMSIS Pack Vendor :STMicroelectronics X-CUBE-TOF1 3.3.1
2024-05-30 20:55:36,157 [INFO] ThirdParty:1030 - CMSIS Pack Vendor :STMicroelectronics X-CUBE-AZRTOS-G4 2.0.0
2024-05-30 20:55:36,157 [INFO] ThirdParty:1030 - CMSIS Pack Vendor :STMicroelectronics PDM2PCM 3.1.0
2024-05-30 20:55:36,157 [INFO] ThirdParty:1030 - CMSIS Pack Vendor :STMicroelectronics FP-ATR-ASTRA1 1.1.1
2024-05-30 20:55:36,157 [INFO] ThirdParty:1030 - CMSIS Pack Vendor :Infineon AIROC-Wi-Fi-Bluetooth-STM32 1.5.1
2024-05-30 20:55:36,157 [INFO] ThirdParty:1030 - CMSIS Pack Vendor :STMicroelectronics X-CUBE-BLEMGR 3.0.0
2024-05-30 20:55:36,157 [INFO] ThirdParty:1030 - CMSIS Pack Vendor :STMicroelectronics FP-SNS-MOTENVWB1 1.3.0
2024-05-30 20:55:36,157 [INFO] ThirdParty:1030 - CMSIS Pack Vendor :STMicroelectronics FP-SNS-MOTENVWB1 1.3.1
2024-05-30 20:55:36,157 [INFO] ThirdParty:1030 - CMSIS Pack Vendor :STMicroelectronics FP-ATR-SIGFOX1 3.2.0
2024-05-30 20:55:36,157 [INFO] ThirdParty:1030 - CMSIS Pack Vendor :STMicroelectronics X-CUBE-AZRTOS-G4 1.0.0
2024-05-30 20:55:36,157 [INFO] ThirdParty:1030 - CMSIS Pack Vendor :STMicroelectronics X-CUBE-AZRTOS-L4 1.0.0
2024-05-30 20:55:36,157 [INFO] ThirdParty:1030 - CMSIS Pack Vendor :STMicroelectronics X-CUBE-ISPU 2.0.0
2024-05-30 20:55:36,157 [INFO] ThirdParty:1030 - CMSIS Pack Vendor :STMicroelectronics X-CUBE-EEPRMA1 5.1.0
2024-05-30 20:55:36,157 [INFO] ThirdParty:1030 - CMSIS Pack Vendor :STMicroelectronics MBEDTLS 2.16.2
2024-05-30 20:55:36,157 [INFO] ThirdParty:1030 - CMSIS Pack Vendor :STMicroelectronics X-CUBE-ALS 1.0.2
2024-05-30 20:55:36,157 [INFO] ThirdParty:1030 - CMSIS Pack Vendor :emotas I-CUBE-CANOPEN 1.1.2
2024-05-30 20:55:36,157 [INFO] ThirdParty:1030 - CMSIS Pack Vendor :STMicroelectronics X-CUBE-TOUCHGFX 4.20.0
2024-05-30 20:55:36,157 [INFO] ThirdParty:1030 - CMSIS Pack Vendor :STMicroelectronics X-CUBE-MEMS1 10.0.0
2024-05-30 20:55:36,157 [INFO] ThirdParty:1030 - CMSIS Pack Vendor :STMicroelectronics X-CUBE-FREERTOS 1.1.0
2024-05-30 20:55:36,157 [INFO] ThirdParty:1030 - CMSIS Pack Vendor :STMicroelectronics X-CUBE-AZRTOS-WL 1.0.0
2024-05-30 20:55:36,157 [INFO] ThirdParty:1030 - CMSIS Pack Vendor :portGmbH I-Cube-SoM-uGOAL 1.1.0
2024-05-30 20:55:36,157 [INFO] ThirdParty:1030 - CMSIS Pack Vendor :STMicroelectronics X-CUBE-ALS 1.0.1
2024-05-30 20:55:36,157 [INFO] ThirdParty:1030 - CMSIS Pack Vendor :STMicroelectronics ThreadX 1.0.0
2024-05-30 20:55:36,157 [INFO] ThirdParty:1030 - CMSIS Pack Vendor :STMicroelectronics X-CUBE-AZRTOS-WB 1.1.0
2024-05-30 20:55:36,157 [INFO] ThirdParty:1030 - CMSIS Pack Vendor :SEGGER I-CUBE-embOS 1.3.1
2024-05-30 20:55:36,157 [INFO] ThirdParty:1030 - CMSIS Pack Vendor :STMicroelectronics X-CUBE-ALGOBUILD 1.4.0
2024-05-30 20:55:36,157 [INFO] ThirdParty:1030 - CMSIS Pack Vendor :STMicroelectronics X-CUBE-AZRTOS-L5 1.0.0
2024-05-30 20:55:36,157 [INFO] ThirdParty:1030 - CMSIS Pack Vendor :STMicroelectronics X-CUBE-EEPRMA1 3.1.1
2024-05-30 20:55:36,157 [INFO] ThirdParty:1030 - CMSIS Pack Vendor :STMicroelectronics X-CUBE-AZRTOS-H7RS 1.0.0
2024-05-30 20:55:36,157 [INFO] ThirdParty:1030 - CMSIS Pack Vendor :STMicroelectronics FP-ATR-ASTRA1 2.0.0
2024-05-30 20:55:36,157 [INFO] ThirdParty:1030 - CMSIS Pack Vendor :STMicroelectronics X-CUBE-TOF1 3.4.1
2024-05-30 20:55:36,157 [INFO] ThirdParty:1030 - CMSIS Pack Vendor :STMicroelectronics X-CUBE-AZRTOS-H7 3.2.0
2024-05-30 20:55:36,159 [INFO] ThirdParty:841 - exiting critical section [change project]
2024-05-30 20:55:36,383 [INFO] PinOutPanel:1561 - setPackage(No Configuration,No Configuration)
2024-05-30 20:55:36,384 [INFO] PinOutPanel:1561 - setPackage(STM32L4A6ZGTx,LQFP144)
2024-05-30 20:55:36,602 [INFO] UtilMem:75 - Before build in PCC Used Memory: 782755440 Bytes (1073741824)
2024-05-30 20:55:36,860 [INFO] UtilMem:75 - After build in PCC Used Memory: 881321584 Bytes (1073741824)
2024-05-30 20:55:36,884 [INFO] IPUIPlugin:80 - create IPUIPlugin
2024-05-30 20:55:36,884 [INFO] IPUIPlugin:80 - create IPUIPlugin
2024-05-30 20:55:36,884 [INFO] IPUIPlugin:80 - create IPUIPlugin
2024-05-30 20:55:36,884 [INFO] IPUIPlugin:80 - create IPUIPlugin
2024-05-30 20:55:36,884 [INFO] IPUIPlugin:80 - create IPUIPlugin
2024-05-30 20:55:36,884 [INFO] IPUIPlugin:80 - create IPUIPlugin
2024-05-30 20:55:36,884 [INFO] IPUIPlugin:80 - create IPUIPlugin
2024-05-30 20:55:36,884 [INFO] IPUIPlugin:80 - create IPUIPlugin
2024-05-30 20:55:36,885 [INFO] IPUIPlugin:80 - create IPUIPlugin
2024-05-30 20:55:36,885 [INFO] IPUIPlugin:80 - create IPUIPlugin
2024-05-30 20:55:36,885 [INFO] IPUIPlugin:80 - create IPUIPlugin
2024-05-30 20:55:36,885 [INFO] IPUIPlugin:80 - create IPUIPlugin
2024-05-30 20:55:36,885 [INFO] IPUIPlugin:80 - create IPUIPlugin
2024-05-30 20:55:36,885 [INFO] IPUIPlugin:80 - create IPUIPlugin
2024-05-30 20:55:36,885 [INFO] IPUIPlugin:80 - create IPUIPlugin
2024-05-30 20:55:36,885 [INFO] IPUIPlugin:80 - create IPUIPlugin
2024-05-30 20:55:36,885 [INFO] IPUIPlugin:80 - create IPUIPlugin
2024-05-30 20:55:36,886 [INFO] IPUIPlugin:80 - create IPUIPlugin
2024-05-30 20:55:36,886 [INFO] IPUIPlugin:80 - create IPUIPlugin
2024-05-30 20:55:36,886 [INFO] IPUIPlugin:80 - create IPUIPlugin
2024-05-30 20:55:36,886 [INFO] IPUIPlugin:80 - create IPUIPlugin
2024-05-30 20:55:36,886 [INFO] IPUIPlugin:80 - create IPUIPlugin
2024-05-30 20:55:36,886 [INFO] IPUIPlugin:80 - create IPUIPlugin
2024-05-30 20:55:36,886 [INFO] IPUIPlugin:80 - create IPUIPlugin
2024-05-30 20:55:36,886 [INFO] IPUIPlugin:80 - create IPUIPlugin
2024-05-30 20:55:36,886 [INFO] IPUIPlugin:80 - create IPUIPlugin
2024-05-30 20:55:36,887 [INFO] IPUIPlugin:80 - create IPUIPlugin
2024-05-30 20:55:36,887 [INFO] IPUIPlugin:80 - create IPUIPlugin
2024-05-30 20:55:36,887 [INFO] IPUIPlugin:80 - create IPUIPlugin
2024-05-30 20:55:36,887 [INFO] IPUIPlugin:80 - create IPUIPlugin
2024-05-30 20:55:36,888 [INFO] IPUIPlugin:80 - create IPUIPlugin
2024-05-30 20:55:36,888 [INFO] IPUIPlugin:80 - create IPUIPlugin
2024-05-30 20:55:36,888 [INFO] IPUIPlugin:80 - create IPUIPlugin
2024-05-30 20:55:36,888 [INFO] IPUIPlugin:80 - create IPUIPlugin
2024-05-30 20:55:36,888 [INFO] IPUIPlugin:80 - create IPUIPlugin
2024-05-30 20:55:36,888 [INFO] IPUIPlugin:80 - create IPUIPlugin
2024-05-30 20:55:36,888 [INFO] IPUIPlugin:80 - create IPUIPlugin
2024-05-30 20:55:36,889 [INFO] IPUIPlugin:80 - create IPUIPlugin
2024-05-30 20:55:36,889 [INFO] IPUIPlugin:80 - create IPUIPlugin
2024-05-30 20:55:36,889 [INFO] IPUIPlugin:80 - create IPUIPlugin
2024-05-30 20:55:36,890 [INFO] IPUIPlugin:80 - create IPUIPlugin
2024-05-30 20:55:36,890 [INFO] IPUIPlugin:80 - create IPUIPlugin
2024-05-30 20:55:36,890 [INFO] IPUIPlugin:80 - create IPUIPlugin
2024-05-30 20:55:36,890 [INFO] IPUIPlugin:80 - create IPUIPlugin
2024-05-30 20:55:36,890 [INFO] IPUIPlugin:80 - create IPUIPlugin
2024-05-30 20:55:36,891 [INFO] IPUIPlugin:80 - create IPUIPlugin
2024-05-30 20:55:36,891 [INFO] IPUIPlugin:80 - create IPUIPlugin
2024-05-30 20:55:36,891 [INFO] IPUIPlugin:80 - create IPUIPlugin
2024-05-30 20:55:36,891 [INFO] IPUIPlugin:80 - create IPUIPlugin
2024-05-30 20:55:36,891 [INFO] IPUIPlugin:80 - create IPUIPlugin
2024-05-30 20:55:36,891 [INFO] IPUIPlugin:80 - create IPUIPlugin
2024-05-30 20:55:36,892 [INFO] IPUIPlugin:80 - create IPUIPlugin
2024-05-30 20:55:36,892 [INFO] IPUIPlugin:80 - create IPUIPlugin
2024-05-30 20:55:36,892 [INFO] IPUIPlugin:80 - create IPUIPlugin
2024-05-30 20:55:36,892 [INFO] IPUIPlugin:80 - create IPUIPlugin
2024-05-30 20:55:36,893 [INFO] IPUIPlugin:80 - create IPUIPlugin
2024-05-30 20:55:36,893 [INFO] IPUIPlugin:80 - create IPUIPlugin
2024-05-30 20:55:36,893 [INFO] IPUIPlugin:80 - create IPUIPlugin
2024-05-30 20:55:36,893 [INFO] IPUIPlugin:80 - create IPUIPlugin
2024-05-30 20:55:36,894 [INFO] IPUIPlugin:80 - create IPUIPlugin
2024-05-30 20:55:36,894 [INFO] IPUIPlugin:80 - create IPUIPlugin
2024-05-30 20:55:36,894 [INFO] IPUIPlugin:80 - create IPUIPlugin
2024-05-30 20:55:36,895 [INFO] IPUIPlugin:80 - create IPUIPlugin
2024-05-30 20:55:36,895 [INFO] IPUIPlugin:80 - create IPUIPlugin
2024-05-30 20:55:36,895 [INFO] IPUIPlugin:80 - create IPUIPlugin
2024-05-30 20:55:36,896 [INFO] IPUIPlugin:80 - create IPUIPlugin
2024-05-30 20:55:36,971 [INFO] CADModel:165 - CPN selected for project levelSTM32L4A6ZGT6
2024-05-30 20:55:36,971 [INFO] CADModel:114 - Register for checkConnection events
2024-05-30 20:55:37,021 [INFO] OpenFileManager:343 - Restore cursor
2024-05-30 20:55:37,375 [INFO] UtilMem:75 - End SaveConfig() Used Memory: 790154040 Bytes (1073741824)
2024-05-30 20:55:37,426 [INFO] UtilMem:75 - End SaveConfig() Used Memory: 822659896 Bytes (1073741824)
2024-05-30 20:55:37,528 [INFO] BlockDiagram:2759 - set Specific Code input for plugin: SYS
2024-05-30 20:55:37,528 [INFO] BlockDiagram:2759 - set Specific Code input for plugin: RCC
2024-05-30 20:55:37,528 [INFO] BlockDiagram:2759 - set Specific Code input for plugin: NVIC
2024-05-30 20:55:37,529 [INFO] BlockDiagram:2759 - set Specific Code input for plugin: GPIO
2024-05-30 20:55:37,529 [INFO] CodeGenerator:807 - code generatio: config db path: C:\ST\STM32CubeIDE_1.15.0\STM32CubeIDE\plugins\com.st.stm32cube.common.mx_6.11.0.202403141607\\db\
2024-05-30 20:55:37,649 [INFO] CodeEngine:255 - oldGeneratedFile, C:\Users\rahee\Documents\CPE329\FinalProject\MXTmpFiles\license.tmp_save
2024-05-30 20:55:37,741 [INFO] CodeEngine:279 - Generated code: C:\Users\rahee\Documents\CPE329\FinalProject\MXTmpFiles\license.tmp
2024-05-30 20:55:37,815 [INFO] CodeEngine:255 - oldGeneratedFile, C:\Users\rahee\Documents\CPE329\FinalProject\MXTmpFiles\gpio.tmp_save
2024-05-30 20:55:37,911 [INFO] CodeEngine:279 - Generated code: C:\Users\rahee\Documents\CPE329\FinalProject\MXTmpFiles\gpio.tmp
2024-05-30 20:55:37,968 [INFO] CodeEngine:255 - oldGeneratedFile, C:\Users\rahee\Documents\CPE329\FinalProject\Core\Src\stm32l4xx_it.c_save
2024-05-30 20:55:38,111 [INFO] CodeEngine:279 - Generated code: C:\Users\rahee\Documents\CPE329\FinalProject\Core\Src\stm32l4xx_it.c
2024-05-30 20:55:38,118 [INFO] CodeEngine:255 - oldGeneratedFile, C:\Users\rahee\Documents\CPE329\FinalProject\Core\Inc\stm32l4xx_it.h_save
2024-05-30 20:55:38,174 [INFO] CodeEngine:279 - Generated code: C:\Users\rahee\Documents\CPE329\FinalProject\Core\Inc\stm32l4xx_it.h
2024-05-30 20:55:38,188 [INFO] CodeEngine:255 - oldGeneratedFile, C:\Users\rahee\Documents\CPE329\FinalProject\Core\Src\stm32l4xx_hal_msp.c_save
2024-05-30 20:55:38,266 [INFO] CodeEngine:279 - Generated code: C:\Users\rahee\Documents\CPE329\FinalProject\Core\Src\stm32l4xx_hal_msp.c
2024-05-30 20:55:38,273 [INFO] CodeEngine:255 - oldGeneratedFile, C:\Users\rahee\Documents\CPE329\FinalProject\MXTmpFiles\system.tmp_save
2024-05-30 20:55:38,319 [INFO] CodeEngine:279 - Generated code: C:\Users\rahee\Documents\CPE329\FinalProject\MXTmpFiles\system.tmp
2024-05-30 20:55:38,330 [INFO] CodeEngine:311 - oldGeneratedFile, C:\Users\rahee\Documents\CPE329\FinalProject\Core\Inc\stm32l4xx_hal_conf.h_save
2024-05-30 20:55:38,399 [INFO] CodeEngine:335 - Generated code: C:\Users\rahee\Documents\CPE329\FinalProject\Core\Inc\stm32l4xx_hal_conf.h
2024-05-30 20:55:38,434 [INFO] CodeEngine:255 - oldGeneratedFile, C:\Users\rahee\Documents\CPE329\FinalProject\Core\Inc\main.h_save
2024-05-30 20:55:38,513 [INFO] CodeEngine:279 - Generated code: C:\Users\rahee\Documents\CPE329\FinalProject\Core\Inc\main.h
2024-05-30 20:55:38,522 [INFO] CodeEngine:255 - oldGeneratedFile, C:\Users\rahee\Documents\CPE329\FinalProject\Core\Src\main.c_save
2024-05-30 20:55:38,600 [INFO] CodeEngine:279 - Generated code: C:\Users\rahee\Documents\CPE329\FinalProject\Core\Src\main.c
2024-05-30 20:55:38,853 [INFO] ProjectBuilder:3163 - Time for Copy HAL[1] : 127mS.
2024-05-30 20:55:38,855 [INFO] ProjectBuilder:4736 - Project Generator version: 4.3.0-B58
2024-05-30 20:55:38,927 [INFO] ConfigFileManager:1503 - The Die is : DIE461
2024-05-30 20:55:38,935 [INFO] ApiDbMcu:508 - Load IP Config File for FATFS
2024-05-30 20:55:38,945 [INFO] ApiDbMcu:508 - Load IP Config File for FREERTOS
2024-05-30 20:55:38,959 [INFO] ApiDbMcu:508 - Load IP Config File for TOUCHSENSING
2024-05-30 20:55:38,969 [INFO] ApiDbMcu:508 - Load IP Config File for USB_DEVICE
2024-05-30 20:55:38,977 [INFO] ApiDbMcu:508 - Load IP Config File for USB_HOST
2024-05-30 20:55:40,056 [INFO] ProjectBuilder:5002 - Time for Generating toolchain IDE Files: 1201mS.
2024-05-30 20:55:40,057 [INFO] ProjectBuilder:3034 - Time for Copy CMSIS : 1mS.
2024-05-30 20:55:40,058 [INFO] ProjectBuilder:3034 - Time for Copy CMSIS : 0mS.
2024-05-30 20:55:40,565 [INFO] McuFinderGlobals:76 - Set McuFinderConnectedMode to true
2024-05-30 20:55:40,566 [INFO] ApiDb:448 - Save user favorites file C:\Users\rahee/.stm32cubeide/favorites.mcus.txt: 0 item(s)
2024-05-30 20:55:40,566 [INFO] ApiDb:452 - User favorites MCUs=[]
2024-05-30 20:55:40,567 [INFO] ApiDb:448 - Save user favorites file C:\Users\rahee/.stm32cubeide/favorites.boards.txt: 0 item(s)
2024-05-30 20:55:40,567 [INFO] ApiDb:452 - User favorites Boards=[]
