2024-05-19 18:19:20,736 [INFO] Activator:176 - 


2024-05-19 18:19:20,740 [INFO] Activator:177 - !SESSION log4j initialized
2024-05-19 18:19:25,225 [INFO] LogOutputStream:77 - [STDOUT_REDIRECT] 
2024-05-19 18:19:26,787 [INFO] ApplicationProperties:184 - Using Application install path: C:\ST\STM32CubeIDE_1.15.0\STM32CubeIDE\plugins\com.st.stm32cube.common.mx_6.11.0.202403141607
2024-05-19 18:19:26,801 [INFO] DbMcusXml:78 - Set database path to: C:\ST\STM32CubeIDE_1.15.0\STM32CubeIDE\plugins\com.st.stm32cube.common.mx_6.11.0.202403141607\\db\/mcu/
2024-05-19 18:19:26,801 [INFO] ApiDb:274 - Set plugin database path to: C:\ST\STM32CubeIDE_1.15.0\STM32CubeIDE\plugins\com.st.stm32cube.common.mx_6.11.0.202403141607\\db\/plugins/boardmanager/
2024-05-19 18:19:26,801 [WARN] ApiDb:259 - Overriding images path with different value:  => C:\ST\STM32CubeIDE_1.15.0\STM32CubeIDE\plugins\com.st.stm32cube.common.mx_6.11.0.202403141607\\db\/plugins/mcufinder/images/
2024-05-19 18:19:26,806 [INFO] ApiDb:250 - Set database path to: C:\Users\rahee\.stmcufinder\plugins\mcufinder//mcu/
2024-05-19 18:19:26,807 [INFO] DbMcusAds:125 - Set database path to: C:\Users\rahee\.stmcufinder\plugins\mcufinder//mcu/
2024-05-19 18:19:26,808 [INFO] CrossReferenceDbSqlite:203 - Set database path to: C:\Users\rahee\.stmcufinder\plugins\mcufinder//mcu/cs/
2024-05-19 18:19:26,890 [INFO] RulesReader:64 - Compatibility file has been processed (297 Rules)
2024-05-19 18:19:26,953 [INFO] DbMcusXml:78 - Set database path to: C:\ST\STM32CubeIDE_1.15.0\STM32CubeIDE\plugins\com.st.stm32cube.common.mx_6.11.0.202403141607\\db\/mcu/
2024-05-19 18:19:26,953 [INFO] ApiDb:274 - Set plugin database path to: C:\ST\STM32CubeIDE_1.15.0\STM32CubeIDE\plugins\com.st.stm32cube.common.mx_6.11.0.202403141607\\db\/plugins/boardmanager/
2024-05-19 18:19:26,953 [INFO] ApiDb:261 - Set plugin images path to: C:\ST\STM32CubeIDE_1.15.0\STM32CubeIDE\plugins\com.st.stm32cube.common.mx_6.11.0.202403141607\\db\/plugins/mcufinder/images/
2024-05-19 18:19:26,954 [WARN] DbFile:41 - Overriding database path with different value: C:\Users\rahee\.stmcufinder\plugins\mcufinder/ => C:\Users\rahee\.stmcufinder\plugins\mcufinder
2024-05-19 18:19:26,954 [INFO] ApiDb:250 - Set database path to: C:\Users\rahee\.stmcufinder\plugins\mcufinder//mcu/
2024-05-19 18:19:26,954 [WARN] DbFile:41 - Overriding database path with different value: C:\Users\rahee\.stmcufinder\plugins\mcufinder/ => C:\Users\rahee\.stmcufinder\plugins\mcufinder
2024-05-19 18:19:26,954 [INFO] DbMcusAds:125 - Set database path to: C:\Users\rahee\.stmcufinder\plugins\mcufinder//mcu/
2024-05-19 18:19:26,954 [WARN] DbFile:41 - Overriding database path with different value: C:\Users\rahee\.stmcufinder\plugins\mcufinder/ => C:\Users\rahee\.stmcufinder\plugins\mcufinder
2024-05-19 18:19:26,954 [WARN] DbFile:41 - Overriding database path with different value: C:\Users\rahee\.stmcufinder\plugins\mcufinder/ => C:\Users\rahee\.stmcufinder\plugins\mcufinder
2024-05-19 18:19:26,954 [INFO] CrossReferenceDbSqlite:203 - Set database path to: C:\Users\rahee\.stmcufinder\plugins\mcufinder//mcu/cs/
2024-05-19 18:19:27,009 [INFO] MainPanel:264 - HeapMemory: 268435456
2024-05-19 18:19:27,079 [INFO] DbMcusXml:78 - Set database path to: C:\ST\STM32CubeIDE_1.15.0\STM32CubeIDE\plugins\com.st.stm32cube.common.mx_6.11.0.202403141607\\db\/mcu/
2024-05-19 18:19:27,079 [INFO] ApiDb:274 - Set plugin database path to: C:\ST\STM32CubeIDE_1.15.0\STM32CubeIDE\plugins\com.st.stm32cube.common.mx_6.11.0.202403141607\\db\/plugins/boardmanager/
2024-05-19 18:19:27,079 [INFO] ApiDb:261 - Set plugin images path to: C:\ST\STM32CubeIDE_1.15.0\STM32CubeIDE\plugins\com.st.stm32cube.common.mx_6.11.0.202403141607\\db\/plugins/mcufinder/images/
2024-05-19 18:19:27,079 [WARN] DbFile:41 - Overriding database path with different value: C:\Users\rahee\.stmcufinder\plugins\mcufinder/ => C:\Users\rahee\.stmcufinder\plugins\mcufinder
2024-05-19 18:19:27,079 [INFO] ApiDb:250 - Set database path to: C:\Users\rahee\.stmcufinder\plugins\mcufinder//mcu/
2024-05-19 18:19:27,079 [WARN] DbFile:41 - Overriding database path with different value: C:\Users\rahee\.stmcufinder\plugins\mcufinder/ => C:\Users\rahee\.stmcufinder\plugins\mcufinder
2024-05-19 18:19:27,079 [INFO] DbMcusAds:125 - Set database path to: C:\Users\rahee\.stmcufinder\plugins\mcufinder//mcu/
2024-05-19 18:19:27,079 [WARN] DbFile:41 - Overriding database path with different value: C:\Users\rahee\.stmcufinder\plugins\mcufinder/ => C:\Users\rahee\.stmcufinder\plugins\mcufinder
2024-05-19 18:19:27,079 [WARN] DbFile:41 - Overriding database path with different value: C:\Users\rahee\.stmcufinder\plugins\mcufinder/ => C:\Users\rahee\.stmcufinder\plugins\mcufinder
2024-05-19 18:19:27,079 [INFO] CrossReferenceDbSqlite:203 - Set database path to: C:\Users\rahee\.stmcufinder\plugins\mcufinder//mcu/cs/
2024-05-19 18:19:27,092 [INFO] ApplicationProperties:184 - Using Application install path: C:\ST\STM32CubeIDE_1.15.0\STM32CubeIDE\plugins\com.st.stm32cube.common.mx_6.11.0.202403141607
2024-05-19 18:19:27,093 [INFO] PluginManage:196 - Search for loadable plugins [exclusion list=, ]
2024-05-19 18:19:27,095 [INFO] PluginManage:310 - Check plugin analytics
2024-05-19 18:19:27,200 [INFO] AnalyticsPlugin:253 - Accepted Software Licenses: 
2024-05-19 18:19:27,200 [INFO] AnalyticsPlugin:255 - Accepted CMSIS Pack Licenses: 
2024-05-19 18:19:27,200 [INFO] AnalyticsPlugin:257 - Accepted Firmware Licenses: FW.L4.1.18.0
2024-05-19 18:19:27,202 [INFO] PluginManage:359 - Loaded plugin analytics (category:tool,tabindex:-1)
2024-05-19 18:19:27,202 [INFO] PluginManage:310 - Check plugin cadmodel
2024-05-19 18:19:27,212 [INFO] CADModel:105 - Init CAD model plugin
2024-05-19 18:19:27,212 [INFO] PluginManage:359 - Loaded plugin cadmodel (category:power,tabindex:5)
2024-05-19 18:19:27,212 [INFO] PluginManage:310 - Check plugin clock
2024-05-19 18:19:27,226 [INFO] PluginManage:359 - Loaded plugin clock (category:base,tabindex:2)
2024-05-19 18:19:27,226 [INFO] PluginManage:310 - Check plugin ddr
2024-05-19 18:19:27,228 [INFO] PluginManage:359 - Loaded plugin ddr (category:tool,tabindex:6)
2024-05-19 18:19:27,228 [INFO] PluginManage:310 - Check plugin filemanager
2024-05-19 18:19:27,331 [INFO] PluginManage:359 - Loaded plugin filemanager (category:base,tabindex:10)
2024-05-19 18:19:27,332 [INFO] PluginManage:310 - Check plugin ipmanager
2024-05-19 18:19:27,336 [INFO] PluginManage:359 - Loaded plugin ipmanager (category:base,tabindex:5)
2024-05-19 18:19:27,336 [INFO] PluginManage:310 - Check plugin lpbam
2024-05-19 18:19:27,349 [INFO] PluginManage:359 - Loaded plugin lpbam (category:base,tabindex:0)
2024-05-19 18:19:27,349 [INFO] PluginManage:310 - Check plugin memorymap
2024-05-19 18:19:27,365 [INFO] PluginManage:359 - Loaded plugin memorymap (category:base,tabindex:4)
2024-05-19 18:19:27,365 [INFO] PluginManage:310 - Check plugin pinoutandconfiguration
2024-05-19 18:19:27,376 [INFO] PluginManage:359 - Loaded plugin pinoutandconfiguration (category:base,tabindex:1)
2024-05-19 18:19:27,376 [INFO] PluginManage:310 - Check plugin pinoutconfig
2024-05-19 18:19:27,441 [WARN] SupportedApi:132 - Cannot load RTOS API schema: s4s-elt-must-match.1: The content of 'definitions' must match (annotation?, (simpleType | complexType)?, (unique | key | keyref)*)). A problem was found starting at: attribute.
2024-05-19 18:19:27,532 [INFO] PluginManage:359 - Loaded plugin pinoutconfig (category:base,tabindex:0)
2024-05-19 18:19:27,532 [INFO] PluginManage:310 - Check plugin power
2024-05-19 18:19:27,545 [INFO] PluginManage:359 - Loaded plugin power (category:power,tabindex:4)
2024-05-19 18:19:27,545 [INFO] PluginManage:310 - Check plugin projectmanager
2024-05-19 18:19:27,555 [INFO] PluginManage:359 - Loaded plugin projectmanager (category:projectmanager,tabindex:3)
2024-05-19 18:19:27,556 [INFO] PluginManage:310 - Check plugin thirdparty
2024-05-19 18:19:27,730 [INFO] PluginManage:359 - Loaded plugin thirdparty (category:base,tabindex:-1)
2024-05-19 18:19:27,730 [WARN] IntegrityCheckThread:84 - waiting for thirdparty lock release [integrity check]
2024-05-19 18:19:27,730 [INFO] PluginManage:310 - Check plugin tools
2024-05-19 18:19:27,730 [INFO] IntegrityCheckThread:86 - entering critical section [integrity check]
2024-05-19 18:19:27,730 [INFO] ThirdPartyUpdaterWithRetryManager:70 - Updater plugin not ready yet. [1/15]
2024-05-19 18:19:27,753 [INFO] PluginManage:359 - Loaded plugin tools (category:base,tabindex:7)
2024-05-19 18:19:27,753 [INFO] PluginManage:310 - Check plugin tutovideos
2024-05-19 18:19:27,887 [INFO] PluginManage:359 - Loaded plugin tutovideos (category:base,tabindex:-1)
2024-05-19 18:19:27,887 [INFO] PluginManage:310 - Check plugin updater
2024-05-19 18:19:27,895 [INFO] PluginManage:359 - Loaded plugin updater (category:base,tabindex:12)
2024-05-19 18:19:27,895 [INFO] PluginManage:310 - Check plugin userauth
2024-05-19 18:19:27,899 [INFO] UserAuth:114 - Init User Auth plugin
2024-05-19 18:19:27,899 [INFO] PluginManage:359 - Loaded plugin userauth (category:base,tabindex:14)
2024-05-19 18:19:27,900 [INFO] PluginManage:283 - PluginManage : Loaded plugins [17]
2024-05-19 18:19:28,046 [INFO] PinOutPanel:1561 - setPackage(No Configuration,No Configuration)
2024-05-19 18:19:28,096 [INFO] CADModel:165 - CPN selected for project level
2024-05-19 18:19:28,096 [INFO] CADModel:114 - Register for checkConnection events
2024-05-19 18:19:28,114 [INFO] IPUIPlugin:80 - create IPUIPlugin
2024-05-19 18:19:28,114 [INFO] PluginManager:220 - loadIPPluginJar : add adc
2024-05-19 18:19:28,138 [INFO] IPUIPlugin:80 - create IPUIPlugin
2024-05-19 18:19:28,138 [INFO] PluginManager:220 - loadIPPluginJar : add aes
2024-05-19 18:19:28,165 [INFO] IPUIPlugin:80 - create IPUIPlugin
2024-05-19 18:19:28,166 [INFO] PluginManager:220 - loadIPPluginJar : add can
2024-05-19 18:19:28,181 [INFO] IPUIPlugin:80 - create IPUIPlugin
2024-05-19 18:19:28,181 [INFO] PluginManager:220 - loadIPPluginJar : add comp
2024-05-19 18:19:28,205 [INFO] IPUIPlugin:80 - create IPUIPlugin
2024-05-19 18:19:28,205 [INFO] PluginManager:220 - loadIPPluginJar : add cryp
2024-05-19 18:19:28,225 [INFO] IPUIPlugin:80 - create IPUIPlugin
2024-05-19 18:19:28,226 [INFO] PluginManager:220 - loadIPPluginJar : add dfsdm
2024-05-19 18:19:28,235 [INFO] IPUIPlugin:80 - create IPUIPlugin
2024-05-19 18:19:28,236 [INFO] PluginManager:220 - loadIPPluginJar : add dma
2024-05-19 18:19:28,268 [INFO] IPUIPlugin:80 - create IPUIPlugin
2024-05-19 18:19:28,268 [INFO] PluginManager:220 - loadIPPluginJar : add dma3
2024-05-19 18:19:28,300 [INFO] IPUIPlugin:80 - create IPUIPlugin
2024-05-19 18:19:28,301 [INFO] PluginManager:220 - loadIPPluginJar : add extmemmanager
2024-05-19 18:19:28,315 [INFO] IPUIPlugin:80 - create IPUIPlugin
2024-05-19 18:19:28,315 [INFO] PluginManager:220 - loadIPPluginJar : add fatfs
2024-05-19 18:19:28,348 [INFO] IPUIPlugin:80 - create IPUIPlugin
2024-05-19 18:19:28,349 [INFO] PluginManager:220 - loadIPPluginJar : add fmc
2024-05-19 18:19:28,359 [INFO] IPUIPlugin:80 - create IPUIPlugin
2024-05-19 18:19:28,359 [INFO] PluginManager:220 - loadIPPluginJar : add freertos
2024-05-19 18:19:28,373 [INFO] IPUIPlugin:80 - create IPUIPlugin
2024-05-19 18:19:28,373 [INFO] PluginManager:220 - loadIPPluginJar : add genericplugin
2024-05-19 18:19:28,438 [INFO] IPUIPlugin:80 - create IPUIPlugin
2024-05-19 18:19:28,438 [INFO] PluginManager:220 - loadIPPluginJar : add gfxmmu
2024-05-19 18:19:28,494 [INFO] McuFinderGlobals:63 - Set McuFinder mode to 2 (CubeIDE integrated)
2024-05-19 18:19:28,532 [INFO] IPUIPlugin:80 - create IPUIPlugin
2024-05-19 18:19:28,532 [INFO] PluginManager:220 - loadIPPluginJar : add gic
2024-05-19 18:19:28,540 [INFO] IPUIPlugin:80 - create IPUIPlugin
2024-05-19 18:19:28,540 [INFO] PluginManager:220 - loadIPPluginJar : add gpio
2024-05-19 18:19:28,602 [INFO] IPUIPlugin:80 - create IPUIPlugin
2024-05-19 18:19:28,602 [INFO] PluginManager:220 - loadIPPluginJar : add gtzc
2024-05-19 18:19:28,623 [INFO] IPUIPlugin:80 - create IPUIPlugin
2024-05-19 18:19:28,623 [INFO] PluginManager:220 - loadIPPluginJar : add hash
2024-05-19 18:19:28,659 [INFO] IPUIPlugin:80 - create IPUIPlugin
2024-05-19 18:19:28,659 [INFO] PluginManager:220 - loadIPPluginJar : add i2c
2024-05-19 18:19:28,685 [INFO] IPUIPlugin:80 - create IPUIPlugin
2024-05-19 18:19:28,685 [INFO] PluginManager:220 - loadIPPluginJar : add i2s
2024-05-19 18:19:28,712 [INFO] IPUIPlugin:80 - create IPUIPlugin
2024-05-19 18:19:28,712 [INFO] PluginManager:220 - loadIPPluginJar : add i3c
2024-05-19 18:19:28,785 [INFO] IPUIPlugin:80 - create IPUIPlugin
2024-05-19 18:19:28,785 [INFO] PluginManager:220 - loadIPPluginJar : add ipddr
2024-05-19 18:19:28,846 [INFO] IPUIPlugin:80 - create IPUIPlugin
2024-05-19 18:19:28,846 [INFO] PluginManager:220 - loadIPPluginJar : add linkedlist
2024-05-19 18:19:28,869 [INFO] IPUIPlugin:80 - create IPUIPlugin
2024-05-19 18:19:28,869 [INFO] PluginManager:220 - loadIPPluginJar : add lorawan
2024-05-19 18:19:28,892 [INFO] IPUIPlugin:80 - create IPUIPlugin
2024-05-19 18:19:28,892 [INFO] PluginManager:220 - loadIPPluginJar : add ltdc
2024-05-19 18:19:28,903 [INFO] IPUIPlugin:80 - create IPUIPlugin
2024-05-19 18:19:28,903 [INFO] PluginManager:220 - loadIPPluginJar : add mdma
2024-05-19 18:19:28,912 [INFO] IPUIPlugin:80 - create IPUIPlugin
2024-05-19 18:19:28,912 [INFO] PluginManager:220 - loadIPPluginJar : add nvic
2024-05-19 18:19:28,938 [INFO] IPUIPlugin:80 - create IPUIPlugin
2024-05-19 18:19:28,938 [INFO] PluginManager:220 - loadIPPluginJar : add opamp
2024-05-19 18:19:28,980 [INFO] IPUIPlugin:80 - create IPUIPlugin
2024-05-19 18:19:28,981 [INFO] PluginManager:220 - loadIPPluginJar : add openamp
2024-05-19 18:19:29,009 [INFO] IPUIPlugin:80 - create IPUIPlugin
2024-05-19 18:19:29,009 [INFO] PluginManager:220 - loadIPPluginJar : add pdm2pcm
2024-05-19 18:19:29,019 [INFO] IPUIPlugin:80 - create IPUIPlugin
2024-05-19 18:19:29,021 [INFO] PluginManager:220 - loadIPPluginJar : add plateformsettings
2024-05-19 18:19:29,036 [INFO] IPUIPlugin:80 - create IPUIPlugin
2024-05-19 18:19:29,036 [INFO] PluginManager:220 - loadIPPluginJar : add quadspi
2024-05-19 18:19:29,045 [INFO] IPUIPlugin:80 - create IPUIPlugin
2024-05-19 18:19:29,045 [INFO] PluginManager:220 - loadIPPluginJar : add resmgrutility
2024-05-19 18:19:29,078 [INFO] IPUIPlugin:80 - create IPUIPlugin
2024-05-19 18:19:29,079 [INFO] PluginManager:220 - loadIPPluginJar : add sai
2024-05-19 18:19:29,104 [INFO] IPUIPlugin:80 - create IPUIPlugin
2024-05-19 18:19:29,104 [INFO] PluginManager:220 - loadIPPluginJar : add spi
2024-05-19 18:19:29,152 [INFO] IPUIPlugin:80 - create IPUIPlugin
2024-05-19 18:19:29,152 [INFO] PluginManager:220 - loadIPPluginJar : add stm32_wpan
2024-05-19 18:19:29,168 [INFO] IPUIPlugin:80 - create IPUIPlugin
2024-05-19 18:19:29,168 [INFO] PluginManager:220 - loadIPPluginJar : add tim
2024-05-19 18:19:29,209 [INFO] IPUIPlugin:80 - create IPUIPlugin
2024-05-19 18:19:29,209 [INFO] PluginManager:220 - loadIPPluginJar : add touchsensing
2024-05-19 18:19:29,224 [INFO] IPUIPlugin:80 - create IPUIPlugin
2024-05-19 18:19:29,224 [INFO] PluginManager:220 - loadIPPluginJar : add tracer_emb
2024-05-19 18:19:29,239 [INFO] IPUIPlugin:80 - create IPUIPlugin
2024-05-19 18:19:29,239 [INFO] PluginManager:220 - loadIPPluginJar : add ts
2024-05-19 18:19:29,254 [INFO] IPUIPlugin:80 - create IPUIPlugin
2024-05-19 18:19:29,254 [INFO] PluginManager:220 - loadIPPluginJar : add tsc
2024-05-19 18:19:29,268 [INFO] IPUIPlugin:80 - create IPUIPlugin
2024-05-19 18:19:29,268 [INFO] PluginManager:220 - loadIPPluginJar : add ucpd
2024-05-19 18:19:29,297 [INFO] IPUIPlugin:80 - create IPUIPlugin
2024-05-19 18:19:29,297 [INFO] PluginManager:220 - loadIPPluginJar : add usart
2024-05-19 18:19:29,326 [INFO] IPUIPlugin:80 - create IPUIPlugin
2024-05-19 18:19:29,326 [INFO] PluginManager:220 - loadIPPluginJar : add usbx
2024-05-19 18:19:29,435 [INFO] CADModel:165 - CPN selected for project level
2024-05-19 18:19:29,435 [INFO] CADModel:114 - Register for checkConnection events
2024-05-19 18:19:29,435 [FATAL] Updater:308 - Updater called before beeing initialized
2024-05-19 18:19:29,435 [ERROR] CADModel:125 - Updater not yet initialized, retry later 
2024-05-19 18:19:29,537 [INFO] CADModel:165 - CPN selected for project level
2024-05-19 18:19:29,538 [INFO] CADModel:114 - Register for checkConnection events
2024-05-19 18:19:29,538 [FATAL] Updater:308 - Updater called before beeing initialized
2024-05-19 18:19:29,538 [ERROR] CADModel:125 - Updater not yet initialized, retry later 
2024-05-19 18:19:29,540 [FATAL] Updater:308 - Updater called before beeing initialized
2024-05-19 18:19:29,607 [FATAL] Updater:308 - Updater called before beeing initialized
2024-05-19 18:19:29,614 [INFO] DbMcusAds:53 - JSON generation date=Wed Nov 29 02:52:27 PST 2023 (1701255147349)
2024-05-19 18:19:29,615 [FATAL] Updater:308 - Updater called before beeing initialized
2024-05-19 18:19:29,669 [WARN] DetailPanel:346 - Failed to get advertising image, set to default
2024-05-19 18:19:29,765 [FATAL] Updater:308 - Updater called before beeing initialized
2024-05-19 18:19:29,767 [FATAL] Updater:308 - Updater called before beeing initialized
2024-05-19 18:19:29,767 [FATAL] Updater:308 - Updater called before beeing initialized
2024-05-19 18:19:29,767 [WARN] DetailPanel:346 - Failed to get advertising image, set to default
2024-05-19 18:19:29,767 [FATAL] Updater:308 - Updater called before beeing initialized
2024-05-19 18:19:29,810 [ERROR] Updater:1120 - MainUpdater not yet initialized. External WinMGr cannot be set.
2024-05-19 18:19:29,817 [INFO] Updater:1056 - Updater Version found : 6.11.0
2024-05-19 18:19:29,831 [INFO] ApplicationProperties:184 - Using Application install path: C:\ST\STM32CubeIDE_1.15.0\STM32CubeIDE\plugins\com.st.stm32cube.common.mx_6.11.0.202403141607
2024-05-19 18:19:30,732 [INFO] ThirdPartyUpdaterWithRetryManager:70 - Updater plugin not ready yet. [2/15]
2024-05-19 18:19:31,418 [ERROR] LogOutputStream:75 - [STDERR_REDIRECT] May 19, 2024 6:19:31 PM java.util.prefs.WindowsPreferences <init>
2024-05-19 18:19:31,419 [ERROR] LogOutputStream:75 - [STDERR_REDIRECT] WARNING: Could not open/create prefs root node Software\JavaSoft\Prefs at root 0xffffffff80000002. Windows RegCreateKeyEx(...) returned error code 5.
2024-05-19 18:19:31,419 [ERROR] LogOutputStream:75 - [STDERR_REDIRECT] 
2024-05-19 18:19:31,646 [INFO] MainUpdater:2873 - connection check result : 10
2024-05-19 18:19:31,646 [INFO] MainUpdater:290 - Updater Check For Update Now.
2024-05-19 18:19:31,647 [INFO] MicroXplorer:498 - Change Database Version : DB.6.0.110
2024-05-19 18:19:31,657 [INFO] McuFinderGlobals:63 - Set McuFinder mode to 2 (CubeIDE integrated)
2024-05-19 18:19:31,666 [INFO] UserAuth:415 - Internet connection configuration mode: 1
2024-05-19 18:19:31,685 [INFO] JxBrowserEngine:152 - Initiate JxBrowser Engine with user profile folder
2024-05-19 18:19:31,820 [INFO] CheckServerUpdateThread:120 - End of CheckServer Thread
2024-05-19 18:19:31,881 [INFO] MainUpdater:2873 - connection check result : 10
2024-05-19 18:19:31,895 [INFO] McuFinderGlobals:76 - Set McuFinderConnectedMode to true
2024-05-19 18:19:32,237 [INFO] ServerAccessManage:473 - Download File mcusAds.json._tmp_
2024-05-19 18:19:32,350 [INFO] LoadUrlFilesThread:156 - End of LoadUrlFiles Thread
2024-05-19 18:19:32,547 [INFO] ServerAccessManage:473 - Download File cube-finder-db.zip
2024-05-19 18:19:33,735 [WARN] MainUpdater:1194 - Updater busy. Cannot search thirdparties
2024-05-19 18:19:33,735 [INFO] ThirdPartyUpdaterWithRetryManager:96 - Updater plugin is busy. [1/15]
2024-05-19 18:19:34,069 [INFO] FileExtend:240 - Unzip File : cube-finder-db.zip
2024-05-19 18:19:34,069 [INFO] FileExtend:255 - Standard Zip Deflate
2024-05-19 18:19:34,651 [INFO] LoadUrlFilesThread:156 - End of LoadUrlFiles Thread
2024-05-19 18:19:35,019 [INFO] WebApp:161 - Instantiating new browser for Auth
2024-05-19 18:19:35,496 [INFO] WebApp:779 - Register for checkConnection events
2024-05-19 18:19:35,496 [INFO] WebApp:414 - Apply proxy settings
2024-05-19 18:19:35,496 [INFO] WebApp:499 - Chromium requires no authentication
2024-05-19 18:19:35,502 [INFO] WebApp:442 - Direct internet connection detected
2024-05-19 18:19:35,543 [INFO] ServerAccessManage:473 - Download File crdb.zip
2024-05-19 18:19:35,637 [INFO] WebApp:192 - Starting web application
2024-05-19 18:19:35,637 [INFO] WebApp:544 - Web application path used C:\ST\STM32CubeIDE_1.15.0\STM32CubeIDE\plugins\com.st.stm32cube.common.mx_6.11.0.202403141607\db\plugins\mcufinder\reactClient1\index.html
2024-05-19 18:19:36,501 [INFO] FileExtend:240 - Unzip File : crdb.zip
2024-05-19 18:19:36,502 [INFO] FileExtend:255 - Standard Zip Deflate
2024-05-19 18:19:36,624 [INFO] LoadUrlFilesThread:156 - End of LoadUrlFiles Thread
2024-05-19 18:19:36,736 [WARN] MainUpdater:1194 - Updater busy. Cannot search thirdparties
2024-05-19 18:19:36,736 [INFO] ThirdPartyUpdaterWithRetryManager:96 - Updater plugin is busy. [2/15]
2024-05-19 18:19:37,966 [INFO] ServerAccessManage:473 - Download File tutoVideoDB.zip
2024-05-19 18:19:37,996 [INFO] FileExtend:240 - Unzip File : tutoVideoDB.zip
2024-05-19 18:19:37,996 [INFO] FileExtend:255 - Standard Zip Deflate
2024-05-19 18:19:38,107 [INFO] LoadUrlFilesThread:156 - End of LoadUrlFiles Thread
2024-05-19 18:19:38,108 [WARN] DbFile:41 - Overriding database path with different value: C:\Users\rahee\.stmcufinder\plugins\mcufinder/ => C:\Users\rahee\.stmcufinder\plugins\mcufinder
2024-05-19 18:19:38,231 [INFO] ServerAccessManage:473 - Download File api_config.json
2024-05-19 18:19:38,337 [INFO] LoadUrlFilesThread:156 - End of LoadUrlFiles Thread
2024-05-19 18:19:38,337 [INFO] DbMcusAds:53 - JSON generation date=Thu May 16 02:22:01 PDT 2024 (1715851321109)
2024-05-19 18:19:38,455 [INFO] ServerAccessManage:473 - Download File 
2024-05-19 18:19:38,486 [INFO] LoadUrlFilesThread:185 - End of LoadServerUrlFiles without Thread
2024-05-19 18:19:38,486 [INFO] TargetSelectorAdapter:259 - Refresh data is successful
2024-05-19 18:19:38,562 [INFO] ApiDb:581 - Connected to CubeFinder SQLite database (C:\Users\rahee\.stmcufinder\plugins\mcufinder\mcu\cube-finder-db.db)
2024-05-19 18:19:38,608 [INFO] ApiDb:668 - CubeFinder database Data Model version=2.1
2024-05-19 18:19:38,609 [INFO] ApiDb:669 - CubeFinder database Configuration version=3.0.39
2024-05-19 18:19:38,609 [INFO] ApiDb:670 - CubeFinder database generation date=2024-04-15 (1713193726)
2024-05-19 18:19:38,609 [INFO] ApiDb:671 - CubeFinder database FW Pack versions=[FP-ATR-ASTRA1_V2.0.0, FP-SNS-FLIGHT1_V5.0.1, FP-SNS-FLIGHT1_V5.0.2, FP-SNS-MOTENV1_V4.3.1, FP-SNS-MOTENV1_V4.3.2, FP-SNS-MOTENVWB1_V1.3.1, FP-SNS-SMARTAG2_V1.2.0, STM32Cube_FW_C0_V1.1.0, STM32Cube_FW_F4_V1.28.0, STM32Cube_FW_F7_V1.17.0, STM32Cube_FW_G0_V1.6.2, STM32Cube_FW_G4_V1.5.2, STM32Cube_FW_H5_V0.5.1, STM32Cube_FW_H5_V1.1.1, STM32Cube_FW_H5_V1.2.0, STM32Cube_FW_H5_V1.2.0RC4, STM32Cube_FW_H7RS_V1.0.0, STM32Cube_FW_H7RS_V1.0.0RC4, STM32Cube_FW_H7_V1.11.0, STM32Cube_FW_L0_V1.12.2, STM32Cube_FW_L5_V1.5.1, STM32Cube_FW_U0_V1.0.0, STM32Cube_FW_U0_V1.0.0RC1, STM32Cube_FW_U5_V1.3.0RC4, STM32Cube_FW_U5_V1.5.0, STM32Cube_FW_U5_V1.5.0RC1, STM32Cube_FW_WBA_V1.0.0RC1, STM32Cube_FW_WBA_V1.2.0, STM32Cube_FW_WBA_V1.2.0RC2, STM32Cube_FW_WBA_V1.3.0, STM32Cube_FW_WBA_V1.3.0RC1, STM32Cube_FW_WB_V1.15.0RC1, STM32Cube_FW_WB_V1.16.0, STM32Cube_FW_WB_V1.16.0RC2, STM32Cube_FW_WB_V1.18.0, STM32Cube_FW_WB_V1.19.0, STM32Cube_FW_WL_V1.3.0, X-CUBE-ALGOBUILD_V1.3.0, X-CUBE-ALS_V1.0.1, X-CUBE-AZRTOS-F4_V1.1.0, X-CUBE-AZRTOS-F7_V1.1.0, X-CUBE-AZRTOS-G0_V1.1.0, X-CUBE-AZRTOS-G4_V2.0.0, X-CUBE-AZRTOS-H7_V3.2.0, X-CUBE-AZRTOS-L4_V1.0.0, X-CUBE-AZRTOS-L4_V2.0.0, X-CUBE-AZRTOS-L5_V1.1.0, X-CUBE-AZRTOS-WB_V2.0.0, X-CUBE-AZRTOS-WL_V2.0.0, X-CUBE-BLE1_V7.0.0, X-CUBE-BLE2_V3.3.0, X-CUBE-BLEMGR_V3.1.0, X-CUBE-EEPRMA1_V4.1.0, X-CUBE-EEPRMA1_V5.1.0, X-CUBE-FREERTOS_V1.1.0, X-CUBE-GNSS1_V6.0.0, X-CUBE-MEMS1_V10.0.0, X-CUBE-MEMS1_V9.1.0, X-CUBE-MEMS1_V9.4.0, X-CUBE-MEMS1_V9.6.0, X-CUBE-NFC4_V3.0.0, X-CUBE-NFC7_V1.0.1, X-CUBE-SFXS2LP1_V4.0.0, X-CUBE-SUBG2_V5.0.0, X-CUBE-TOF1_V3.4.0]
2024-05-19 18:19:39,867 [WARN] PackLoader:240 - Cannot read IP mode file for STMicroelectronics.FP-SNS-MOTENVWB1.1.4.0
2024-05-19 18:19:39,879 [WARN] PackLoader:240 - Cannot read IP mode file for STMicroelectronics.X-CUBE-SMBUS.2.1.0
2024-05-19 18:19:39,887 [WARN] PackLoader:240 - Cannot read IP mode file for STMicroelectronics.X-CUBE-TOUCHGFX.4.23.1
2024-05-19 18:19:39,894 [WARN] PackLoader:240 - Cannot read IP mode file for STMicroelectronics.X-CUBE-TOUCHGFX.4.23.2
2024-05-19 18:19:39,921 [WARN] PackLoader:240 - Cannot read IP mode file for STMicroelectronics.X-CUBE-AZRTOS-F7.1.1.0
2024-05-19 18:19:39,934 [WARN] PackLoader:240 - Cannot read IP mode file for STMicroelectronics.FP-SNS-MOTENV1.4.3.2
2024-05-19 18:19:39,946 [WARN] PackLoader:240 - Cannot read IP mode file for STMicroelectronics.X-CUBE-BLE1.6.2.3
2024-05-19 18:19:39,954 [WARN] PackLoader:240 - Cannot read IP mode file for STMicroelectronics.X-CUBE-BLE1.6.2.4
2024-05-19 18:19:39,963 [WARN] PackLoader:240 - Cannot read IP mode file for STMicroelectronics.FP-SNS-FLIGHT1.5.0.2
2024-05-19 18:19:39,975 [WARN] PackLoader:240 - Cannot read IP mode file for STMicroelectronics.X-CUBE-TOF1.3.1.0
2024-05-19 18:19:40,077 [INFO] ApiDb:240 - Found 483 in-development CPN: [B-G473E-ZEST1S, B-WB1M-WPAN1, B-WL5M-SUBG1, NUCLEO-C031C6, NUCLEO-H503RB, NUCLEO-H533RE, NUCLEO-H563ZI, NUCLEO-H7S3L8, NUCLEO-U031R8, NUCLEO-U083RC, NUCLEO-U545RE-Q, NUCLEO-U5A5ZJ-Q, NUCLEO-WBA52CG, NUCLEO-WBA55CG, STEVAL-PROTEUS1, STEVAL-SMARTAG2, STEVAL-STWINBX1, STM320518-EVAL, STM32C0116-DK, STM32C011D6Y3TR, STM32C011D6Y6TR, STM32C011F4P3, STM32C011F4P6, STM32C011F4U3, STM32C011F4U6TR, STM32C011F6P3, STM32C011F6P6, STM32C011F6U3, STM32C011F6U6TR, STM32C011J4M3, STM32C011J4M6, STM32C011J6M3, STM32C011J6M6, STM32C0316-DK, STM32C031C4T3, STM32C031C4T6, STM32C031C4U3, STM32C031C4U6, STM32C031C6T3, STM32C031C6T6, STM32C031C6U3, STM32C031C6U6, STM32C031F4P3, STM32C031F4P6, STM32C031F6P3, STM32C031F6P6, STM32C031G4U3, STM32C031G4U6, STM32C031G6U3, STM32C031G6U6, STM32C031K4T3, STM32C031K4T6, STM32C031K4U3, STM32C031K4U6, STM32C031K6T3, STM32C031K6T6, STM32C031K6U3, STM32C031K6U6, STM32G071K8TXN, STM32G071K8UXN, STM32G081GBU6N, STM32G081KBT6N, STM32G081KBUXN, STM32G0B1CCT6N, STM32G0B1KCT6, STM32G0B1NEY6TR, STM32G0B1RCT6N, STM32G0C1CCT6, STM32G0C1CCT6N, STM32G0C1CCU6N, STM32G0C1CET6N, STM32G0C1CEU6N, STM32G0C1KCT6, STM32G0C1NEY6TR, STM32G0C1RCI6N, STM32G0C1RCT6N, STM32G0C1REI6N, STM32G0C1RET6N, STM32G0C1VCI6, STM32G0C1VEI6, STM32G471CCT6, STM32G471CCU6, STM32G471CET3, STM32G471CET6, STM32G471CEU3, STM32G471CEU6, STM32G471MCT6, STM32G471MET3, STM32G471MET6, STM32G471MEY6TR, STM32G471QCT6, STM32G471QET3, STM32G471RCT6, STM32G471RET3, STM32G471RET6, STM32G471VCH6, STM32G471VCI6, STM32G471VCT6, STM32G471VEH3, STM32G471VEH6, STM32G471VEI3, STM32G471VEI6, STM32G471VET3, STM32G471VET6, STM32G474CCT6, STM32H503CBT6, STM32H503CBU6, STM32H503EBY6TR, STM32H503KBU6, STM32H503RBT6, STM32H523CCT6, STM32H523CCU6, STM32H523CET6, STM32H523CEU6, STM32H523HEY6TR, STM32H523RCT6, STM32H523RET6, STM32H523VCI6, STM32H523VCT6, STM32H523VEI6, STM32H523VET6, STM32H523ZCJ6, STM32H523ZCT6, STM32H523ZEJ6, STM32H523ZET6, STM32H533CET6, STM32H533CEU6, STM32H533HEY6TR, STM32H533RET6, STM32H533VEI6, STM32H533VET6, STM32H533ZEJ6, STM32H533ZET6, STM32H562AGI6, STM32H562AII6, STM32H562IGK6, STM32H562IGT6, STM32H562IIK6, STM32H562IIT6, STM32H562RGT6, STM32H562RGV6, STM32H562RIT6, STM32H562RIV6, STM32H562VGT6, STM32H562VIT6, STM32H562ZGT6, STM32H562ZIT6, STM32H563AGI6, STM32H563AII3Q, STM32H563AII6, STM32H563IGK6, STM32H563IGT6, STM32H563IIK3Q, STM32H563IIK6, STM32H563IIT3Q, STM32H563IIT6, STM32H563MIY3QTR, STM32H563RGT6, STM32H563RGV6, STM32H563RIT6, STM32H563RIV6, STM32H563VGT6, STM32H563VIT3Q, STM32H563VIT6, STM32H563ZGT6, STM32H563ZIT3Q, STM32H563ZIT6, STM32H573AII3Q, STM32H573AII6, STM32H573I-DK, STM32H573IIK3Q, STM32H573IIK6, STM32H573IIT3Q, STM32H573IIT6, STM32H573MIY3QTR, STM32H573RIT6, STM32H573RIV6, STM32H573VIT3Q, STM32H573VIT6, STM32H573ZIT3Q, STM32H573ZIT6, STM32H7R3A8I6, STM32H7R3I8K6, STM32H7R3I8T6, STM32H7R3L8H6, STM32H7R3L8H6H, STM32H7R3R8V6, STM32H7R3V8H6, STM32H7R3V8T6, STM32H7R3V8Y6, STM32H7R3Z8J6, STM32H7R3Z8T6, STM32H7R7A8I6, STM32H7R7I8K6, STM32H7R7I8T6, STM32H7R7L8H6, STM32H7R7L8H6H, STM32H7R7Z8J6, STM32H7S3A8I6, STM32H7S3I8K6, STM32H7S3I8T6, STM32H7S3L8H6, STM32H7S3L8H6H, STM32H7S3R8V6, STM32H7S3V8H6, STM32H7S3V8T6, STM32H7S3V8Y6, STM32H7S3Z8J6, STM32H7S3Z8T6, STM32H7S78-DK, STM32H7S7A8I6, STM32H7S7I8K6, STM32H7S7I8T6, STM32H7S7L8H6, STM32H7S7L8H6H, STM32H7S7Z8J6, STM32L4R5QGI6STR, STM32MP131AAE3, STM32MP131AAF3, STM32MP131AAG3, STM32MP131CAE3, STM32MP131CAF3, STM32MP131CAG3, STM32MP131DAE7, STM32MP131DAF7, STM32MP131DAG7, STM32MP131FAE7, STM32MP131FAF7, STM32MP131FAG7, STM32MP133AAE3, STM32MP133AAF3, STM32MP133AAG3, STM32MP133CAE3, STM32MP133CAF3, STM32MP133CAG3, STM32MP133DAE7, STM32MP133DAF7, STM32MP133DAG7, STM32MP133FAE7, STM32MP133FAF7, STM32MP133FAG7, STM32MP135AAE3, STM32MP135AAF3, STM32MP135AAG3, STM32MP135CAE3, STM32MP135CAF3, STM32MP135CAG3, STM32MP135DAE7, STM32MP135DAF7, STM32MP135DAG7, STM32MP135F-DK, STM32MP135FAE7, STM32MP135FAF7, STM32MP135FAF7T, STM32MP135FAF7U, STM32MP135FAG7, STM32U031C6T6, STM32U031C6U6, STM32U031C8T6, STM32U031C8U6, STM32U031F4P6, STM32U031F6P6, STM32U031F8P6, STM32U031G6Y6TR, STM32U031G8Y6TR, STM32U031K4U6, STM32U031K6U6, STM32U031K8U6, STM32U031R6I6, STM32U031R6T6, STM32U031R8I6, STM32U031R8T6, STM32U073C8T6, STM32U073C8U6, STM32U073CBT6, STM32U073CBU6, STM32U073CCT6, STM32U073CCU6, STM32U073H8Y6TR, STM32U073HBY6TR, STM32U073HCY6TR, STM32U073K8U6, STM32U073KBU6, STM32U073KCU6, STM32U073M8I6, STM32U073M8T6, STM32U073MBI6, STM32U073MBT6, STM32U073MCI6, STM32U073MCT6, STM32U073R8I6, STM32U073R8T6, STM32U073RBI6, STM32U073RBT6, STM32U073RCI6, STM32U073RCT6, STM32U083C-DK, STM32U083CCT6, STM32U083CCU6, STM32U083HCY6TR, STM32U083KCU6, STM32U083MCI6, STM32U083MCT6, STM32U083RCI6, STM32U083RCT6, STM32U535CBT6, STM32U535CBT6Q, STM32U535CBU6, STM32U535CBU6Q, STM32U535CCT6, STM32U535CCT6Q, STM32U535CCU6, STM32U535CCU6Q, STM32U535CET6, STM32U535CET6Q, STM32U535CEU6, STM32U535CEU6Q, STM32U535JEY6QTR, STM32U535NCY6QTR, STM32U535NEY6QTR, STM32U535RBI6, STM32U535RBI6Q, STM32U535RBT6, STM32U535RBT6Q, STM32U535RCI6, STM32U535RCI6Q, STM32U535RCT6, STM32U535RCT6Q, STM32U535REI6, STM32U535REI6Q, STM32U535RET6, STM32U535RET6Q, STM32U535VCI6, STM32U535VCI6Q, STM32U535VCT6, STM32U535VCT6Q, STM32U535VEI6, STM32U535VEI6Q, STM32U535VET6, STM32U535VET6Q, STM32U545CET6, STM32U545CET6Q, STM32U545CEU6, STM32U545CEU6Q, STM32U545JEY6QTR, STM32U545NEY6QTR, STM32U545REI6, STM32U545REI6Q, STM32U545RET6, STM32U545RET6Q, STM32U545VEI6, STM32U545VEI6Q, STM32U545VET6, STM32U545VET6Q, STM32U595AIH6, STM32U595AIH6Q, STM32U595AJH6, STM32U595AJH6Q, STM32U595QII6, STM32U595QII6Q, STM32U595QJI6, STM32U595QJI6Q, STM32U595RIT6, STM32U595RIT6Q, STM32U595RJT6, STM32U595RJT6Q, STM32U595VIT6, STM32U595VIT6Q, STM32U595VJT6, STM32U595VJT6Q, STM32U595ZIT6, STM32U595ZIT6Q, STM32U595ZIY6QTR, STM32U595ZJT6, STM32U595ZJT6Q, STM32U595ZJY6QTR, STM32U599BJY6QTR, STM32U599NIH6Q, STM32U599NJH6Q, STM32U599VIT6Q, STM32U599VJT6, STM32U599VJT6Q, STM32U599ZIT6Q, STM32U599ZIY6QTR, STM32U599ZJT6Q, STM32U599ZJY6QTR, STM32U5A5AJH6, STM32U5A5AJH6Q, STM32U5A5QII3Q , STM32U5A5QJI6, STM32U5A5QJI6Q, STM32U5A5RJT6, STM32U5A5RJT6Q, STM32U5A5VJT6, STM32U5A5VJT6Q, STM32U5A5ZJT6, STM32U5A5ZJT6Q, STM32U5A5ZJY6QTR, STM32U5A9BJY6QTR, STM32U5A9J-DK, STM32U5A9NJH6Q, STM32U5A9VJT6Q, STM32U5A9ZJT6Q, STM32U5A9ZJY6QTR, STM32U5F7VIT6, STM32U5F7VIT6Q, STM32U5F7VJT6, STM32U5F7VJT6Q, STM32U5F9BJY6QTR, STM32U5F9NJH6Q, STM32U5F9VIT6Q, STM32U5F9VJT6Q, STM32U5F9ZIJ6QTR, STM32U5F9ZIT6Q, STM32U5F9ZJJ6QTR, STM32U5F9ZJT6Q, STM32U5G7VJT6, STM32U5G7VJT6Q, STM32U5G9BJY6QTR, STM32U5G9J-DK1, STM32U5G9J-DK2, STM32U5G9NJH6Q, STM32U5G9VJT6Q, STM32U5G9ZJJ6QTR, STM32U5G9ZJT6Q, STM32WB1MMCH6, STM32WBA50KEU6, STM32WBA50KEU6TR, STM32WBA50KGU6, STM32WBA50KGU6TR, STM32WBA52CEU6, STM32WBA52CEU6TR, STM32WBA52CEU7, STM32WBA52CEU7TR, STM32WBA52CGU6, STM32WBA52CGU6TR, STM32WBA52CGU6U, STM32WBA52CGU7, STM32WBA52CGU7TR, STM32WBA52KEU6, STM32WBA52KEU6TR, STM32WBA52KGU6, STM32WBA52KGU6TR, STM32WBA54CEU6, STM32WBA54CEU6TR, STM32WBA54CEU7, STM32WBA54CEU7TR, STM32WBA54CGU6, STM32WBA54CGU6TR, STM32WBA54CGU7, STM32WBA54CGU7TR, STM32WBA54KEU6, STM32WBA54KEU6TR, STM32WBA54KEU7, STM32WBA54KEU7TR, STM32WBA54KGU6, STM32WBA54KGU6TR, STM32WBA54KGU7, STM32WBA54KGU7TR, STM32WBA55CEU6, STM32WBA55CEU6TR, STM32WBA55CEU7, STM32WBA55CEU7TR, STM32WBA55CGU6, STM32WBA55CGU6TR, STM32WBA55CGU6U, STM32WBA55CGU7, STM32WBA55CGU7TR, STM32WBA55G-DK1, STM32WBA55HEF6, STM32WBA55HEF7, STM32WBA55HGF6, STM32WBA55HGF7, STM32WBA55UEI6, STM32WBA55UEI6TR, STM32WBA55UEI7, STM32WBA55UEI7TR, STM32WBA55UGI6, STM32WBA55UGI6TR, STM32WBA55UGI7, STM32WBA55UGI7TR, STM32WL5MOCH6, STM32WL5MOCH6TR]
2024-05-19 18:19:40,082 [INFO] DbMcus:218 - Found 4096 MCUs, 4096 are supported
2024-05-19 18:19:40,083 [INFO] ApiDb:423 - Load user favorites file C:\Users\rahee/.stm32cubeide/favorites.mcus.txt: 0 item(s)
2024-05-19 18:19:40,083 [INFO] ApiDb:427 - User favorites MCUs=[]
2024-05-19 18:19:40,083 [INFO] DbMcus:224 - Set 0 / 0 favorites MCUs
2024-05-19 18:19:40,109 [WARN] PackLoader:240 - Cannot read IP mode file for STMicroelectronics.X-CUBE-DISPLAY.3.0.0
2024-05-19 18:19:40,120 [WARN] PackLoader:240 - Cannot read IP mode file for STMicroelectronics.X-CUBE-BLE1.7.0.0
2024-05-19 18:19:40,128 [WARN] PackLoader:240 - Cannot read IP mode file for STMicroelectronics.X-CUBE-TOUCHGFX.4.22.0
2024-05-19 18:19:40,136 [WARN] PackLoader:240 - Cannot read IP mode file for STMicroelectronics.X-CUBE-TOUCHGFX.4.22.1
2024-05-19 18:19:40,192 [WARN] PackLoader:240 - Cannot read IP mode file for STMicroelectronics.X-CUBE-MEMS1.9.3.0
2024-05-19 18:19:40,270 [INFO] ApiDb:668 - CubeFinder database Data Model version=2.1
2024-05-19 18:19:40,270 [INFO] ApiDb:669 - CubeFinder database Configuration version=3.0.39
2024-05-19 18:19:40,270 [INFO] ApiDb:670 - CubeFinder database generation date=2024-04-15 (1713193726)
2024-05-19 18:19:40,270 [INFO] ApiDb:671 - CubeFinder database FW Pack versions=[FP-ATR-ASTRA1_V2.0.0, FP-SNS-FLIGHT1_V5.0.1, FP-SNS-FLIGHT1_V5.0.2, FP-SNS-MOTENV1_V4.3.1, FP-SNS-MOTENV1_V4.3.2, FP-SNS-MOTENVWB1_V1.3.1, FP-SNS-SMARTAG2_V1.2.0, STM32Cube_FW_C0_V1.1.0, STM32Cube_FW_F4_V1.28.0, STM32Cube_FW_F7_V1.17.0, STM32Cube_FW_G0_V1.6.2, STM32Cube_FW_G4_V1.5.2, STM32Cube_FW_H5_V0.5.1, STM32Cube_FW_H5_V1.1.1, STM32Cube_FW_H5_V1.2.0, STM32Cube_FW_H5_V1.2.0RC4, STM32Cube_FW_H7RS_V1.0.0, STM32Cube_FW_H7RS_V1.0.0RC4, STM32Cube_FW_H7_V1.11.0, STM32Cube_FW_L0_V1.12.2, STM32Cube_FW_L5_V1.5.1, STM32Cube_FW_U0_V1.0.0, STM32Cube_FW_U0_V1.0.0RC1, STM32Cube_FW_U5_V1.3.0RC4, STM32Cube_FW_U5_V1.5.0, STM32Cube_FW_U5_V1.5.0RC1, STM32Cube_FW_WBA_V1.0.0RC1, STM32Cube_FW_WBA_V1.2.0, STM32Cube_FW_WBA_V1.2.0RC2, STM32Cube_FW_WBA_V1.3.0, STM32Cube_FW_WBA_V1.3.0RC1, STM32Cube_FW_WB_V1.15.0RC1, STM32Cube_FW_WB_V1.16.0, STM32Cube_FW_WB_V1.16.0RC2, STM32Cube_FW_WB_V1.18.0, STM32Cube_FW_WB_V1.19.0, STM32Cube_FW_WL_V1.3.0, X-CUBE-ALGOBUILD_V1.3.0, X-CUBE-ALS_V1.0.1, X-CUBE-AZRTOS-F4_V1.1.0, X-CUBE-AZRTOS-F7_V1.1.0, X-CUBE-AZRTOS-G0_V1.1.0, X-CUBE-AZRTOS-G4_V2.0.0, X-CUBE-AZRTOS-H7_V3.2.0, X-CUBE-AZRTOS-L4_V1.0.0, X-CUBE-AZRTOS-L4_V2.0.0, X-CUBE-AZRTOS-L5_V1.1.0, X-CUBE-AZRTOS-WB_V2.0.0, X-CUBE-AZRTOS-WL_V2.0.0, X-CUBE-BLE1_V7.0.0, X-CUBE-BLE2_V3.3.0, X-CUBE-BLEMGR_V3.1.0, X-CUBE-EEPRMA1_V4.1.0, X-CUBE-EEPRMA1_V5.1.0, X-CUBE-FREERTOS_V1.1.0, X-CUBE-GNSS1_V6.0.0, X-CUBE-MEMS1_V10.0.0, X-CUBE-MEMS1_V9.1.0, X-CUBE-MEMS1_V9.4.0, X-CUBE-MEMS1_V9.6.0, X-CUBE-NFC4_V3.0.0, X-CUBE-NFC7_V1.0.1, X-CUBE-SFXS2LP1_V4.0.0, X-CUBE-SUBG2_V5.0.0, X-CUBE-TOF1_V3.4.0]
2024-05-19 18:19:40,281 [WARN] PackLoader:240 - Cannot read IP mode file for STMicroelectronics.X-CUBE-AI.7.2.0
2024-05-19 18:19:40,293 [WARN] PackLoader:240 - Cannot read IP mode file for STMicroelectronics.X-CUBE-BLEMGR.3.1.0
2024-05-19 18:19:40,303 [WARN] PackLoader:240 - Cannot read IP mode file for STMicroelectronics.FP-SNS-SMARTAG2.1.2.0
2024-05-19 18:19:40,317 [INFO] DbBoardsSqlite:226 - include board P-NUCLEO-WB55-NUCLEO as a kit item of type 'Nucleo-64'
2024-05-19 18:19:40,317 [INFO] DbBoardsSqlite:226 - include board P-NUCLEO-WB55-USBDONGLE as a kit item of type 'Nucleo USB Dongle'
2024-05-19 18:19:40,317 [INFO] DbBoardsSqlite:226 - include board STEVAL-IDP005V1 as a kit item of type 'Evaluation Board'
2024-05-19 18:19:40,318 [INFO] DbBoardsSqlite:226 - include board STEVAL-IDP005V2 as a kit item of type 'Evaluation Board'
2024-05-19 18:19:40,319 [INFO] LogOutputStream:77 - [STDOUT_REDIRECT] 1 : Invalid condition id : UX_CORESTACK_Condition cause : null
2024-05-19 18:19:40,319 [INFO] LogOutputStream:77 - [STDOUT_REDIRECT] 1 : Invalid condition id : UX_CORESTACK_Condition cause : null
2024-05-19 18:19:40,320 [INFO] LogOutputStream:77 - [STDOUT_REDIRECT] 1 : Invalid condition id : UX_CORESTACK_Condition cause : null
2024-05-19 18:19:40,321 [INFO] LogOutputStream:77 - [STDOUT_REDIRECT] 1 : Invalid condition id : UX_CORESTACK_Condition cause : null
2024-05-19 18:19:40,321 [INFO] LogOutputStream:77 - [STDOUT_REDIRECT] 1 : Invalid condition id : UX_CORESTACK_Condition cause : null
2024-05-19 18:19:40,323 [WARN] PackLoader:240 - Cannot read IP mode file for STMicroelectronics.X-CUBE-AZRTOS-WL.2.0.0
2024-05-19 18:19:40,334 [WARN] PackLoader:240 - Cannot read IP mode file for STMicroelectronics.FP-SNS-MOTENV1.5.0.0
2024-05-19 18:19:40,348 [WARN] PackLoader:240 - Cannot read IP mode file for WES.I-CUBE-Cesium.1.3.0
2024-05-19 18:19:40,363 [WARN] PackLoader:240 - Cannot read IP mode file for STMicroelectronics.X-CUBE-BLE2.3.3.0
2024-05-19 18:19:40,369 [INFO] ApiDb:240 - Found 483 in-development CPN: [B-G473E-ZEST1S, B-WB1M-WPAN1, B-WL5M-SUBG1, NUCLEO-C031C6, NUCLEO-H503RB, NUCLEO-H533RE, NUCLEO-H563ZI, NUCLEO-H7S3L8, NUCLEO-U031R8, NUCLEO-U083RC, NUCLEO-U545RE-Q, NUCLEO-U5A5ZJ-Q, NUCLEO-WBA52CG, NUCLEO-WBA55CG, STEVAL-PROTEUS1, STEVAL-SMARTAG2, STEVAL-STWINBX1, STM320518-EVAL, STM32C0116-DK, STM32C011D6Y3TR, STM32C011D6Y6TR, STM32C011F4P3, STM32C011F4P6, STM32C011F4U3, STM32C011F4U6TR, STM32C011F6P3, STM32C011F6P6, STM32C011F6U3, STM32C011F6U6TR, STM32C011J4M3, STM32C011J4M6, STM32C011J6M3, STM32C011J6M6, STM32C0316-DK, STM32C031C4T3, STM32C031C4T6, STM32C031C4U3, STM32C031C4U6, STM32C031C6T3, STM32C031C6T6, STM32C031C6U3, STM32C031C6U6, STM32C031F4P3, STM32C031F4P6, STM32C031F6P3, STM32C031F6P6, STM32C031G4U3, STM32C031G4U6, STM32C031G6U3, STM32C031G6U6, STM32C031K4T3, STM32C031K4T6, STM32C031K4U3, STM32C031K4U6, STM32C031K6T3, STM32C031K6T6, STM32C031K6U3, STM32C031K6U6, STM32G071K8TXN, STM32G071K8UXN, STM32G081GBU6N, STM32G081KBT6N, STM32G081KBUXN, STM32G0B1CCT6N, STM32G0B1KCT6, STM32G0B1NEY6TR, STM32G0B1RCT6N, STM32G0C1CCT6, STM32G0C1CCT6N, STM32G0C1CCU6N, STM32G0C1CET6N, STM32G0C1CEU6N, STM32G0C1KCT6, STM32G0C1NEY6TR, STM32G0C1RCI6N, STM32G0C1RCT6N, STM32G0C1REI6N, STM32G0C1RET6N, STM32G0C1VCI6, STM32G0C1VEI6, STM32G471CCT6, STM32G471CCU6, STM32G471CET3, STM32G471CET6, STM32G471CEU3, STM32G471CEU6, STM32G471MCT6, STM32G471MET3, STM32G471MET6, STM32G471MEY6TR, STM32G471QCT6, STM32G471QET3, STM32G471RCT6, STM32G471RET3, STM32G471RET6, STM32G471VCH6, STM32G471VCI6, STM32G471VCT6, STM32G471VEH3, STM32G471VEH6, STM32G471VEI3, STM32G471VEI6, STM32G471VET3, STM32G471VET6, STM32G474CCT6, STM32H503CBT6, STM32H503CBU6, STM32H503EBY6TR, STM32H503KBU6, STM32H503RBT6, STM32H523CCT6, STM32H523CCU6, STM32H523CET6, STM32H523CEU6, STM32H523HEY6TR, STM32H523RCT6, STM32H523RET6, STM32H523VCI6, STM32H523VCT6, STM32H523VEI6, STM32H523VET6, STM32H523ZCJ6, STM32H523ZCT6, STM32H523ZEJ6, STM32H523ZET6, STM32H533CET6, STM32H533CEU6, STM32H533HEY6TR, STM32H533RET6, STM32H533VEI6, STM32H533VET6, STM32H533ZEJ6, STM32H533ZET6, STM32H562AGI6, STM32H562AII6, STM32H562IGK6, STM32H562IGT6, STM32H562IIK6, STM32H562IIT6, STM32H562RGT6, STM32H562RGV6, STM32H562RIT6, STM32H562RIV6, STM32H562VGT6, STM32H562VIT6, STM32H562ZGT6, STM32H562ZIT6, STM32H563AGI6, STM32H563AII3Q, STM32H563AII6, STM32H563IGK6, STM32H563IGT6, STM32H563IIK3Q, STM32H563IIK6, STM32H563IIT3Q, STM32H563IIT6, STM32H563MIY3QTR, STM32H563RGT6, STM32H563RGV6, STM32H563RIT6, STM32H563RIV6, STM32H563VGT6, STM32H563VIT3Q, STM32H563VIT6, STM32H563ZGT6, STM32H563ZIT3Q, STM32H563ZIT6, STM32H573AII3Q, STM32H573AII6, STM32H573I-DK, STM32H573IIK3Q, STM32H573IIK6, STM32H573IIT3Q, STM32H573IIT6, STM32H573MIY3QTR, STM32H573RIT6, STM32H573RIV6, STM32H573VIT3Q, STM32H573VIT6, STM32H573ZIT3Q, STM32H573ZIT6, STM32H7R3A8I6, STM32H7R3I8K6, STM32H7R3I8T6, STM32H7R3L8H6, STM32H7R3L8H6H, STM32H7R3R8V6, STM32H7R3V8H6, STM32H7R3V8T6, STM32H7R3V8Y6, STM32H7R3Z8J6, STM32H7R3Z8T6, STM32H7R7A8I6, STM32H7R7I8K6, STM32H7R7I8T6, STM32H7R7L8H6, STM32H7R7L8H6H, STM32H7R7Z8J6, STM32H7S3A8I6, STM32H7S3I8K6, STM32H7S3I8T6, STM32H7S3L8H6, STM32H7S3L8H6H, STM32H7S3R8V6, STM32H7S3V8H6, STM32H7S3V8T6, STM32H7S3V8Y6, STM32H7S3Z8J6, STM32H7S3Z8T6, STM32H7S78-DK, STM32H7S7A8I6, STM32H7S7I8K6, STM32H7S7I8T6, STM32H7S7L8H6, STM32H7S7L8H6H, STM32H7S7Z8J6, STM32L4R5QGI6STR, STM32MP131AAE3, STM32MP131AAF3, STM32MP131AAG3, STM32MP131CAE3, STM32MP131CAF3, STM32MP131CAG3, STM32MP131DAE7, STM32MP131DAF7, STM32MP131DAG7, STM32MP131FAE7, STM32MP131FAF7, STM32MP131FAG7, STM32MP133AAE3, STM32MP133AAF3, STM32MP133AAG3, STM32MP133CAE3, STM32MP133CAF3, STM32MP133CAG3, STM32MP133DAE7, STM32MP133DAF7, STM32MP133DAG7, STM32MP133FAE7, STM32MP133FAF7, STM32MP133FAG7, STM32MP135AAE3, STM32MP135AAF3, STM32MP135AAG3, STM32MP135CAE3, STM32MP135CAF3, STM32MP135CAG3, STM32MP135DAE7, STM32MP135DAF7, STM32MP135DAG7, STM32MP135F-DK, STM32MP135FAE7, STM32MP135FAF7, STM32MP135FAF7T, STM32MP135FAF7U, STM32MP135FAG7, STM32U031C6T6, STM32U031C6U6, STM32U031C8T6, STM32U031C8U6, STM32U031F4P6, STM32U031F6P6, STM32U031F8P6, STM32U031G6Y6TR, STM32U031G8Y6TR, STM32U031K4U6, STM32U031K6U6, STM32U031K8U6, STM32U031R6I6, STM32U031R6T6, STM32U031R8I6, STM32U031R8T6, STM32U073C8T6, STM32U073C8U6, STM32U073CBT6, STM32U073CBU6, STM32U073CCT6, STM32U073CCU6, STM32U073H8Y6TR, STM32U073HBY6TR, STM32U073HCY6TR, STM32U073K8U6, STM32U073KBU6, STM32U073KCU6, STM32U073M8I6, STM32U073M8T6, STM32U073MBI6, STM32U073MBT6, STM32U073MCI6, STM32U073MCT6, STM32U073R8I6, STM32U073R8T6, STM32U073RBI6, STM32U073RBT6, STM32U073RCI6, STM32U073RCT6, STM32U083C-DK, STM32U083CCT6, STM32U083CCU6, STM32U083HCY6TR, STM32U083KCU6, STM32U083MCI6, STM32U083MCT6, STM32U083RCI6, STM32U083RCT6, STM32U535CBT6, STM32U535CBT6Q, STM32U535CBU6, STM32U535CBU6Q, STM32U535CCT6, STM32U535CCT6Q, STM32U535CCU6, STM32U535CCU6Q, STM32U535CET6, STM32U535CET6Q, STM32U535CEU6, STM32U535CEU6Q, STM32U535JEY6QTR, STM32U535NCY6QTR, STM32U535NEY6QTR, STM32U535RBI6, STM32U535RBI6Q, STM32U535RBT6, STM32U535RBT6Q, STM32U535RCI6, STM32U535RCI6Q, STM32U535RCT6, STM32U535RCT6Q, STM32U535REI6, STM32U535REI6Q, STM32U535RET6, STM32U535RET6Q, STM32U535VCI6, STM32U535VCI6Q, STM32U535VCT6, STM32U535VCT6Q, STM32U535VEI6, STM32U535VEI6Q, STM32U535VET6, STM32U535VET6Q, STM32U545CET6, STM32U545CET6Q, STM32U545CEU6, STM32U545CEU6Q, STM32U545JEY6QTR, STM32U545NEY6QTR, STM32U545REI6, STM32U545REI6Q, STM32U545RET6, STM32U545RET6Q, STM32U545VEI6, STM32U545VEI6Q, STM32U545VET6, STM32U545VET6Q, STM32U595AIH6, STM32U595AIH6Q, STM32U595AJH6, STM32U595AJH6Q, STM32U595QII6, STM32U595QII6Q, STM32U595QJI6, STM32U595QJI6Q, STM32U595RIT6, STM32U595RIT6Q, STM32U595RJT6, STM32U595RJT6Q, STM32U595VIT6, STM32U595VIT6Q, STM32U595VJT6, STM32U595VJT6Q, STM32U595ZIT6, STM32U595ZIT6Q, STM32U595ZIY6QTR, STM32U595ZJT6, STM32U595ZJT6Q, STM32U595ZJY6QTR, STM32U599BJY6QTR, STM32U599NIH6Q, STM32U599NJH6Q, STM32U599VIT6Q, STM32U599VJT6, STM32U599VJT6Q, STM32U599ZIT6Q, STM32U599ZIY6QTR, STM32U599ZJT6Q, STM32U599ZJY6QTR, STM32U5A5AJH6, STM32U5A5AJH6Q, STM32U5A5QII3Q , STM32U5A5QJI6, STM32U5A5QJI6Q, STM32U5A5RJT6, STM32U5A5RJT6Q, STM32U5A5VJT6, STM32U5A5VJT6Q, STM32U5A5ZJT6, STM32U5A5ZJT6Q, STM32U5A5ZJY6QTR, STM32U5A9BJY6QTR, STM32U5A9J-DK, STM32U5A9NJH6Q, STM32U5A9VJT6Q, STM32U5A9ZJT6Q, STM32U5A9ZJY6QTR, STM32U5F7VIT6, STM32U5F7VIT6Q, STM32U5F7VJT6, STM32U5F7VJT6Q, STM32U5F9BJY6QTR, STM32U5F9NJH6Q, STM32U5F9VIT6Q, STM32U5F9VJT6Q, STM32U5F9ZIJ6QTR, STM32U5F9ZIT6Q, STM32U5F9ZJJ6QTR, STM32U5F9ZJT6Q, STM32U5G7VJT6, STM32U5G7VJT6Q, STM32U5G9BJY6QTR, STM32U5G9J-DK1, STM32U5G9J-DK2, STM32U5G9NJH6Q, STM32U5G9VJT6Q, STM32U5G9ZJJ6QTR, STM32U5G9ZJT6Q, STM32WB1MMCH6, STM32WBA50KEU6, STM32WBA50KEU6TR, STM32WBA50KGU6, STM32WBA50KGU6TR, STM32WBA52CEU6, STM32WBA52CEU6TR, STM32WBA52CEU7, STM32WBA52CEU7TR, STM32WBA52CGU6, STM32WBA52CGU6TR, STM32WBA52CGU6U, STM32WBA52CGU7, STM32WBA52CGU7TR, STM32WBA52KEU6, STM32WBA52KEU6TR, STM32WBA52KGU6, STM32WBA52KGU6TR, STM32WBA54CEU6, STM32WBA54CEU6TR, STM32WBA54CEU7, STM32WBA54CEU7TR, STM32WBA54CGU6, STM32WBA54CGU6TR, STM32WBA54CGU7, STM32WBA54CGU7TR, STM32WBA54KEU6, STM32WBA54KEU6TR, STM32WBA54KEU7, STM32WBA54KEU7TR, STM32WBA54KGU6, STM32WBA54KGU6TR, STM32WBA54KGU7, STM32WBA54KGU7TR, STM32WBA55CEU6, STM32WBA55CEU6TR, STM32WBA55CEU7, STM32WBA55CEU7TR, STM32WBA55CGU6, STM32WBA55CGU6TR, STM32WBA55CGU6U, STM32WBA55CGU7, STM32WBA55CGU7TR, STM32WBA55G-DK1, STM32WBA55HEF6, STM32WBA55HEF7, STM32WBA55HGF6, STM32WBA55HGF7, STM32WBA55UEI6, STM32WBA55UEI6TR, STM32WBA55UEI7, STM32WBA55UEI7TR, STM32WBA55UGI6, STM32WBA55UGI6TR, STM32WBA55UGI7, STM32WBA55UGI7TR, STM32WL5MOCH6, STM32WL5MOCH6TR]
2024-05-19 18:19:40,497 [INFO] BoardInfo:889 - No configuration file found for board P-NUCLEO-WB55
2024-05-19 18:19:40,497 [INFO] DbBoards:161 - Kit is not supported: P-NUCLEO-WB55
2024-05-19 18:19:40,501 [INFO] BoardInfo:889 - No configuration file found for board STEVAL-BFA001V1B
2024-05-19 18:19:40,502 [INFO] DbBoards:161 - Kit is not supported: STEVAL-BFA001V1B
2024-05-19 18:19:40,503 [INFO] BoardInfo:889 - No configuration file found for board STEVAL-BFA001V2B
2024-05-19 18:19:40,503 [INFO] DbBoards:161 - Kit is not supported: STEVAL-BFA001V2B
2024-05-19 18:19:40,611 [INFO] DbBoards:168 - Found 199 boards, 196 are supported
2024-05-19 18:19:40,611 [INFO] DbBoards:169 - Found 199 boards, 8 of them is supported for  Bsp
2024-05-19 18:19:40,613 [INFO] ApiDb:423 - Load user favorites file C:\Users\rahee/.stm32cubeide/favorites.boards.txt: 0 item(s)
2024-05-19 18:19:40,613 [INFO] ApiDb:427 - User favorites Boards=[]
2024-05-19 18:19:40,613 [INFO] DbBoards:198 - Set 0 / 0 favorites Boards
2024-05-19 18:19:40,615 [INFO] ApiDb:668 - CubeFinder database Data Model version=2.1
2024-05-19 18:19:40,615 [INFO] ApiDb:669 - CubeFinder database Configuration version=3.0.39
2024-05-19 18:19:40,615 [INFO] ApiDb:670 - CubeFinder database generation date=2024-04-15 (1713193726)
2024-05-19 18:19:40,615 [INFO] ApiDb:671 - CubeFinder database FW Pack versions=[FP-ATR-ASTRA1_V2.0.0, FP-SNS-FLIGHT1_V5.0.1, FP-SNS-FLIGHT1_V5.0.2, FP-SNS-MOTENV1_V4.3.1, FP-SNS-MOTENV1_V4.3.2, FP-SNS-MOTENVWB1_V1.3.1, FP-SNS-SMARTAG2_V1.2.0, STM32Cube_FW_C0_V1.1.0, STM32Cube_FW_F4_V1.28.0, STM32Cube_FW_F7_V1.17.0, STM32Cube_FW_G0_V1.6.2, STM32Cube_FW_G4_V1.5.2, STM32Cube_FW_H5_V0.5.1, STM32Cube_FW_H5_V1.1.1, STM32Cube_FW_H5_V1.2.0, STM32Cube_FW_H5_V1.2.0RC4, STM32Cube_FW_H7RS_V1.0.0, STM32Cube_FW_H7RS_V1.0.0RC4, STM32Cube_FW_H7_V1.11.0, STM32Cube_FW_L0_V1.12.2, STM32Cube_FW_L5_V1.5.1, STM32Cube_FW_U0_V1.0.0, STM32Cube_FW_U0_V1.0.0RC1, STM32Cube_FW_U5_V1.3.0RC4, STM32Cube_FW_U5_V1.5.0, STM32Cube_FW_U5_V1.5.0RC1, STM32Cube_FW_WBA_V1.0.0RC1, STM32Cube_FW_WBA_V1.2.0, STM32Cube_FW_WBA_V1.2.0RC2, STM32Cube_FW_WBA_V1.3.0, STM32Cube_FW_WBA_V1.3.0RC1, STM32Cube_FW_WB_V1.15.0RC1, STM32Cube_FW_WB_V1.16.0, STM32Cube_FW_WB_V1.16.0RC2, STM32Cube_FW_WB_V1.18.0, STM32Cube_FW_WB_V1.19.0, STM32Cube_FW_WL_V1.3.0, X-CUBE-ALGOBUILD_V1.3.0, X-CUBE-ALS_V1.0.1, X-CUBE-AZRTOS-F4_V1.1.0, X-CUBE-AZRTOS-F7_V1.1.0, X-CUBE-AZRTOS-G0_V1.1.0, X-CUBE-AZRTOS-G4_V2.0.0, X-CUBE-AZRTOS-H7_V3.2.0, X-CUBE-AZRTOS-L4_V1.0.0, X-CUBE-AZRTOS-L4_V2.0.0, X-CUBE-AZRTOS-L5_V1.1.0, X-CUBE-AZRTOS-WB_V2.0.0, X-CUBE-AZRTOS-WL_V2.0.0, X-CUBE-BLE1_V7.0.0, X-CUBE-BLE2_V3.3.0, X-CUBE-BLEMGR_V3.1.0, X-CUBE-EEPRMA1_V4.1.0, X-CUBE-EEPRMA1_V5.1.0, X-CUBE-FREERTOS_V1.1.0, X-CUBE-GNSS1_V6.0.0, X-CUBE-MEMS1_V10.0.0, X-CUBE-MEMS1_V9.1.0, X-CUBE-MEMS1_V9.4.0, X-CUBE-MEMS1_V9.6.0, X-CUBE-NFC4_V3.0.0, X-CUBE-NFC7_V1.0.1, X-CUBE-SFXS2LP1_V4.0.0, X-CUBE-SUBG2_V5.0.0, X-CUBE-TOF1_V3.4.0]
2024-05-19 18:19:40,720 [WARN] PackLoader:240 - Cannot read IP mode file for STMicroelectronics.X-CUBE-DISPLAY.2.2.0
2024-05-19 18:19:40,730 [WARN] PackLoader:240 - Cannot read IP mode file for STMicroelectronics.X-CUBE-ISPU.1.0.0
2024-05-19 18:19:40,751 [WARN] PackLoader:240 - Cannot read IP mode file for STMicroelectronics.X-CUBE-AZRTOS-H7.2.1.0
2024-05-19 18:19:40,762 [WARN] PackLoader:240 - Cannot read IP mode file for STMicroelectronics.X-CUBE-TCPP.4.1.0
2024-05-19 18:19:40,782 [WARN] PackLoader:240 - Cannot read IP mode file for STMicroelectronics.X-CUBE-ALGOBUILD.1.3.0
2024-05-19 18:19:40,810 [WARN] PackLoader:240 - Cannot read IP mode file for STMicroelectronics.X-CUBE-AZRTOS-G0.1.1.0
2024-05-19 18:19:40,822 [WARN] PackLoader:240 - Cannot read IP mode file for STMicroelectronics.X-CUBE-SAFEA1.1.2.2
2024-05-19 18:19:40,832 [WARN] PackLoader:240 - Cannot read IP mode file for STMicroelectronics.X-CUBE-NFC4.3.0.0
2024-05-19 18:19:40,861 [WARN] PackLoader:240 - Cannot read IP mode file for SEGGER.I-CUBE-embOS.1.2.0
2024-05-19 18:19:40,889 [WARN] PackLoader:240 - Cannot read IP mode file for STMicroelectronics.X-CUBE-BLEMGR.3.0.0
2024-05-19 18:19:40,899 [WARN] PackLoader:240 - Cannot read IP mode file for STMicroelectronics.FP-ATR-SIGFOX1.3.2.0
2024-05-19 18:19:40,909 [WARN] PackLoader:240 - Cannot read IP mode file for STMicroelectronics.X-CUBE-EEPRMA1.5.1.0
2024-05-19 18:19:40,921 [WARN] PackLoader:240 - Cannot read IP mode file for emotas.I-CUBE-CANOPEN.1.1.2
2024-05-19 18:19:40,934 [WARN] PackLoader:240 - Cannot read IP mode file for STMicroelectronics.X-CUBE-TOUCHGFX.4.20.0
2024-05-19 18:19:40,960 [WARN] PackLoader:240 - Cannot read IP mode file for SEGGER.I-CUBE-embOS.1.3.1
2024-05-19 18:19:40,983 [WARN] PackLoader:240 - Cannot read IP mode file for STMicroelectronics.X-CUBE-ALGOBUILD.1.4.0
2024-05-19 18:19:40,992 [WARN] PackLoader:240 - Cannot read IP mode file for STMicroelectronics.X-CUBE-GNSS1.6.0.0
2024-05-19 18:19:41,025 [WARN] PackLoader:240 - Cannot read IP mode file for STMicroelectronics.X-CUBE-AZRTOS-F4.1.1.0
2024-05-19 18:19:41,036 [WARN] PackLoader:240 - Cannot read IP mode file for STMicroelectronics.X-CUBE-FREERTOS.1.2.0
2024-05-19 18:19:41,058 [WARN] PackLoader:240 - Cannot read IP mode file for STMicroelectronics.X-CUBE-AZRTOS-L5.2.0.0
2024-05-19 18:19:41,106 [WARN] PackLoader:240 - Cannot read IP mode file for STMicroelectronics.X-CUBE-MEMS1.9.6.0
2024-05-19 18:19:41,230 [WARN] PackLoader:240 - Cannot read IP mode file for STMicroelectronics.X-CUBE-EEPRMA1.4.2.0
2024-05-19 18:19:41,242 [WARN] PackLoader:240 - Cannot read IP mode file for STMicroelectronics.X-CUBE-NFC6.3.1.0
2024-05-19 18:19:41,253 [WARN] PackLoader:240 - Cannot read IP mode file for ITTIA_DB.I-CUBE-ITTIADB.8.8.0
2024-05-19 18:19:41,265 [WARN] PackLoader:240 - Cannot read IP mode file for STMicroelectronics.X-CUBE-BLEMGR.2.0.0
2024-05-19 18:19:41,276 [WARN] PackLoader:240 - Cannot read IP mode file for STMicroelectronics.X-CUBE-NFC4.2.0.4
2024-05-19 18:19:41,279 [ERROR] DbExamplesSqlite:437 - Missing JSON key: board_cpn
2024-05-19 18:19:41,279 [ERROR] DbExamplesSqlite:437 - Missing JSON key: board_cpn
2024-05-19 18:19:41,279 [ERROR] DbExamplesSqlite:437 - Missing JSON key: board_cpn
2024-05-19 18:19:41,279 [ERROR] DbExamplesSqlite:437 - Missing JSON key: board_cpn
2024-05-19 18:19:41,287 [WARN] PackLoader:240 - Cannot read IP mode file for STMicroelectronics.X-CUBE-AI.9.0.0
2024-05-19 18:19:41,309 [WARN] ConditionMgr:438 - getConditionDescription Invalid condition id : UX DEVICE CLASS RTOS Condition cause : null
2024-05-19 18:19:41,309 [WARN] ConditionMgr:438 - getConditionDescription Invalid condition id : UX DEVICE CLASS RTOS Condition cause : null
2024-05-19 18:19:41,313 [WARN] PackLoader:240 - Cannot read IP mode file for STMicroelectronics.X-CUBE-AZRTOS-H7.3.1.0
2024-05-19 18:19:41,314 [WARN] ConditionMgr:1039 - genDependencies : Invalid condition id : UX DEVICE CLASS RTOS Condition cause : null
2024-05-19 18:19:41,314 [WARN] ConditionMgr:1039 - genDependencies : Invalid condition id : UX DEVICE CLASS RTOS Condition cause : null
2024-05-19 18:19:41,314 [WARN] ConditionMgr:1039 - genDependencies : Invalid condition id : UX DEVICE CLASS RTOS Condition cause : null
2024-05-19 18:19:41,315 [WARN] ConditionMgr:1039 - genDependencies : Invalid condition id : UX DEVICE CLASS RTOS Condition cause : null
2024-05-19 18:19:41,315 [WARN] ConditionMgr:1039 - genDependencies : Invalid condition id : UX DEVICE CLASS RTOS Condition cause : null
2024-05-19 18:19:41,325 [WARN] PackLoader:240 - Cannot read IP mode file for wolfSSL.I-CUBE-wolfSSL.5.5.0
2024-05-19 18:19:41,336 [WARN] PackLoader:240 - Cannot read IP mode file for STMicroelectronics.X-CUBE-NFC7.1.0.1
2024-05-19 18:19:41,346 [WARN] PackLoader:240 - Cannot read IP mode file for STMicroelectronics.X-CUBE-NFC7.1.0.0
2024-05-19 18:19:41,359 [WARN] PackLoader:240 - Cannot read IP mode file for STMicroelectronics.X-CUBE-NFC6.3.0.0
2024-05-19 18:19:41,371 [WARN] PackLoader:240 - Cannot read IP mode file for STMicroelectronics.X-CUBE-EEPRMA1.4.1.0
2024-05-19 18:19:41,377 [INFO] DbExamplesSqlite:395 - Ignored 60 examples not supported by CubeIDE
2024-05-19 18:19:41,377 [INFO] DbExamplesSqlite:396 - Found 8152 examples active
2024-05-19 18:19:41,377 [INFO] DbExamplesSqlite:397 - Found 871 examples obsolete
2024-05-19 18:19:41,377 [INFO] DbExamplesSqlite:398 - Found 0 examples under development
2024-05-19 18:19:41,377 [INFO] DbExamplesSqlite:399 - Found 10 examples not building
2024-05-19 18:19:41,380 [INFO] DbExamples:125 - Found 8102 examples
2024-05-19 18:19:41,385 [WARN] PackLoader:240 - Cannot read IP mode file for STMicroelectronics.X-CUBE-AI.8.1.0
2024-05-19 18:19:41,390 [INFO] DbExamples:222 - Found 101 boards with related examples
2024-05-19 18:19:41,392 [INFO] DbExamples:235 - Found 86 MCUs with related examples
2024-05-19 18:19:41,410 [INFO] ApiDb:414 - User favorites file not found: C:\Users\rahee/.stm32cubeide/favorites.examples.txt
2024-05-19 18:19:41,411 [INFO] DbExamples:250 - Set 0 / 0 favorites Examples
2024-05-19 18:19:41,414 [WARN] ConditionMgr:438 - getConditionDescription Invalid condition id : LAN8742 Phy interface Condition cause : null
2024-05-19 18:19:41,415 [WARN] PackLoader:240 - Cannot read IP mode file for STMicroelectronics.X-CUBE-AZRTOS-L4.2.0.0
2024-05-19 18:19:41,416 [WARN] ConditionMgr:1039 - genDependencies : Invalid condition id : LAN8742 Phy interface Condition cause : null
2024-05-19 18:19:41,416 [WARN] ConditionMgr:1039 - genDependencies : Invalid condition id : LAN8742 Phy interface Condition cause : null
2024-05-19 18:19:41,416 [WARN] ConditionMgr:1039 - genDependencies : Invalid condition id : LAN8742 Phy interface Condition cause : null
2024-05-19 18:19:41,432 [WARN] PackLoader:240 - Cannot read IP mode file for STMicroelectronics.X-CUBE-SFXS2LP1.4.0.0
2024-05-19 18:19:41,446 [WARN] PackLoader:240 - Cannot read IP mode file for STMicroelectronics.X-CUBE-ISPU.1.1.0
2024-05-19 18:19:41,461 [WARN] PackLoader:240 - Cannot read IP mode file for RoweBots.I-CUBE-UNISONRTOS.5.5.0-4
2024-05-19 18:19:41,485 [WARN] ConditionMgr:438 - getConditionDescription Invalid condition id : UX DEVICE CLASS RTOS Condition cause : null
2024-05-19 18:19:41,485 [WARN] ConditionMgr:438 - getConditionDescription Invalid condition id : UX DEVICE CLASS RTOS Condition cause : null
2024-05-19 18:19:41,487 [WARN] PackLoader:240 - Cannot read IP mode file for STMicroelectronics.X-CUBE-AZRTOS-WB.2.0.0
2024-05-19 18:19:41,487 [WARN] ConditionMgr:1039 - genDependencies : Invalid condition id : UX DEVICE CLASS RTOS Condition cause : null
2024-05-19 18:19:41,487 [WARN] ConditionMgr:1039 - genDependencies : Invalid condition id : UX DEVICE CLASS RTOS Condition cause : null
2024-05-19 18:19:41,488 [WARN] ConditionMgr:1039 - genDependencies : Invalid condition id : UX DEVICE CLASS RTOS Condition cause : null
2024-05-19 18:19:41,488 [WARN] ConditionMgr:1039 - genDependencies : Invalid condition id : UX DEVICE CLASS RTOS Condition cause : null
2024-05-19 18:19:41,488 [WARN] ConditionMgr:1039 - genDependencies : Invalid condition id : UX DEVICE CLASS RTOS Condition cause : null
2024-05-19 18:19:41,502 [WARN] PackLoader:240 - Cannot read IP mode file for STMicroelectronics.X-CUBE-FREERTOS.1.0.1
2024-05-19 18:19:41,515 [WARN] PackLoader:240 - Cannot read IP mode file for STMicroelectronics.X-CUBE-BLEMGR.1.0.0
2024-05-19 18:19:41,536 [WARN] PackLoader:240 - Cannot read IP mode file for STMicroelectronics.X-CUBE-AZRTOS-L5.1.1.0
2024-05-19 18:19:41,547 [WARN] PackLoader:240 - Cannot read IP mode file for STMicroelectronics.X-CUBE-AI.8.0.1
2024-05-19 18:19:41,564 [WARN] PackLoader:240 - Cannot read IP mode file for STMicroelectronics.X-CUBE-SUBG2.5.0.0
2024-05-19 18:19:41,577 [WARN] PackLoader:240 - Cannot read IP mode file for Cesanta.I-CUBE-Mongoose.7.13.0
2024-05-19 18:19:41,590 [WARN] PackLoader:240 - Cannot read IP mode file for STMicroelectronics.X-CUBE-TOF1.3.3.1
2024-05-19 18:19:41,623 [WARN] PackLoader:240 - Cannot read IP mode file for STMicroelectronics.X-CUBE-AZRTOS-G4.2.0.0
2024-05-19 18:19:41,634 [WARN] PackLoader:240 - Cannot read IP mode file for STMicroelectronics.FP-ATR-ASTRA1.1.1.1
2024-05-19 18:19:41,652 [WARN] PackLoader:240 - Cannot read IP mode file for Infineon.AIROC-Wi-Fi-Bluetooth-STM32.1.5.1
2024-05-19 18:19:41,667 [WARN] PackLoader:240 - Cannot read IP mode file for STMicroelectronics.FP-SNS-MOTENVWB1.1.3.0
2024-05-19 18:19:41,681 [WARN] PackLoader:240 - Cannot read IP mode file for STMicroelectronics.FP-SNS-MOTENVWB1.1.3.1
2024-05-19 18:19:41,703 [INFO] McuFinderGlobals:76 - Set McuFinderConnectedMode to true
2024-05-19 18:19:41,708 [WARN] PackLoader:240 - Cannot read IP mode file for STMicroelectronics.X-CUBE-AZRTOS-G4.1.0.0
2024-05-19 18:19:41,712 [INFO] MultiScanPanel:200 - Auto-refresh data requested => check proxy status ongoing
2024-05-19 18:19:41,715 [INFO] FinderPluginLoader:95 - Searching for filters in installed packs
2024-05-19 18:19:41,733 [WARN] PackLoader:240 - Cannot read IP mode file for STMicroelectronics.X-CUBE-AZRTOS-L4.1.0.0
2024-05-19 18:19:41,745 [WARN] PackLoader:240 - Cannot read IP mode file for STMicroelectronics.X-CUBE-ISPU.2.0.0
2024-05-19 18:19:41,782 [WARN] PackLoader:240 - Cannot read IP mode file for STMicroelectronics.X-CUBE-MEMS1.10.0.0
2024-05-19 18:19:41,869 [WARN] PackLoader:240 - Cannot read IP mode file for STMicroelectronics.X-CUBE-FREERTOS.1.1.0
2024-05-19 18:19:41,886 [WARN] PackLoader:240 - Cannot read IP mode file for STMicroelectronics.X-CUBE-AZRTOS-WL.1.0.0
2024-05-19 18:19:41,898 [WARN] PackLoader:240 - Cannot read IP mode file for portGmbH.I-Cube-SoM-uGOAL.1.1.0
2024-05-19 18:19:41,908 [WARN] PackLoader:240 - Cannot read IP mode file for STMicroelectronics.X-CUBE-ALS.1.0.1
2024-05-19 18:19:41,937 [WARN] PackLoader:240 - Cannot read IP mode file for STMicroelectronics.X-CUBE-AZRTOS-WB.1.1.0
2024-05-19 18:19:41,962 [WARN] PackLoader:240 - Cannot read IP mode file for STMicroelectronics.X-CUBE-AZRTOS-L5.1.0.0
2024-05-19 18:19:41,972 [WARN] PackLoader:240 - Cannot read IP mode file for STMicroelectronics.X-CUBE-EEPRMA1.3.1.1
2024-05-19 18:19:41,992 [WARN] PackLoader:240 - Cannot read IP mode file for STMicroelectronics.X-CUBE-AZRTOS-H7RS.1.0.0
2024-05-19 18:19:42,002 [WARN] PackLoader:240 - Cannot read IP mode file for STMicroelectronics.FP-ATR-ASTRA1.2.0.0
2024-05-19 18:19:42,017 [WARN] PackLoader:240 - Cannot read IP mode file for STMicroelectronics.X-CUBE-TOF1.3.4.1
2024-05-19 18:19:42,041 [WARN] PackLoader:240 - Cannot read IP mode file for STMicroelectronics.X-CUBE-AZRTOS-H7.3.2.0
2024-05-19 18:19:42,043 [INFO] ThirdParty:978 - Integrity check success = true
2024-05-19 18:19:42,043 [INFO] IntegrityCheckThread:100 - exiting critical section [integrity check]
2024-05-19 18:19:42,043 [INFO] IntegrityCheckThread:103 - End integrity checks thread
2024-05-19 18:19:42,735 [INFO] LoadUrlFilesThread:185 - End of LoadServerUrlFiles without Thread
2024-05-19 18:19:42,755 [INFO] DetailPanel:341 - Set advertising image to C:/Users/rahee/STM32Cube/Repository/\en.prom-stm32h7rs-mcu-finder.jpg
2024-05-19 18:19:58,353 [INFO] MultiScanPanel:200 - Auto-refresh data requested => check proxy status ongoing
2024-05-19 18:19:58,433 [INFO] LoadUrlFilesThread:185 - End of LoadServerUrlFiles without Thread
2024-05-19 18:19:58,433 [INFO] DetailPanel:341 - Set advertising image to C:/Users/rahee/STM32Cube/Repository/\en.prom-stm32h7rs-mcu-finder.jpg
2024-05-19 18:19:58,442 [INFO] DbBoards:642 - Loading board mini-images...
2024-05-19 18:19:59,872 [INFO] DbBoards:665 - Loaded 199 board mini-images
2024-05-19 18:20:12,946 [INFO] MainUpdater:2873 - connection check result : 10
2024-05-19 18:20:12,946 [INFO] MainUpdater:2873 - connection check result : 10
2024-05-19 18:20:12,967 [INFO] MicroXplorer:468 - Change Database Path : 
2024-05-19 18:20:12,967 [INFO] MicroXplorer:498 - Change Database Version : DB.6.0.110
2024-05-19 18:20:12,971 [WARN] ThirdParty:871 - waiting for thirdparty lock release [close project]
2024-05-19 18:20:12,971 [INFO] ThirdParty:873 - entering critical section [close project]
2024-05-19 18:20:12,971 [INFO] ThirdParty:883 - exiting critical section [close project]
2024-05-19 18:20:12,972 [INFO] PinOutPanel:1561 - setPackage(No Configuration,No Configuration)
2024-05-19 18:20:12,974 [INFO] UtilMem:75 - Begin LoadConfig() Used Memory: 674929752 Bytes (838860800)
2024-05-19 18:20:12,976 [INFO] OpenFileManager:312 - Change cursor
2024-05-19 18:20:12,998 [INFO] ProjectFactory:442 - No CPN specified for board NUCLEO-L4A6ZG => set CPN to STM32L4A6ZGT6
2024-05-19 18:20:12,998 [INFO] Mcu:2021 - Initializing MCU STM32L4A6ZGTx STM32L4A6ZGTx STM32L4A6ZGT6
2024-05-19 18:20:14,930 [INFO] Context:663 - Trying to add GPIOservice into a context  which must be forbidden
2024-05-19 18:20:15,354 [INFO] Rule:228 - rule 117617 - U5Cobra4M][GTZC] default value MPCBB3 and MPCBB5 - Not Secured memory - MPCBB1 is applicable
2024-05-19 18:20:15,354 [INFO] Rule:228 - rule 117617 - U5Cobra4M][GTZC] default value MPCBB3 and MPCBB5 - Not Secured memory - MPCBB1 is applicable
2024-05-19 18:20:15,354 [INFO] Rule:228 - rule 117617 - U5Cobra4M][GTZC] default value MPCBB3 and MPCBB5 - Not Secured memory - MPCBB2 is applicable
2024-05-19 18:20:15,354 [INFO] Rule:228 - rule 117617 - U5Cobra4M][GTZC] default value MPCBB3 and MPCBB5 - Not Secured memory - MPCBB2 is applicable
2024-05-19 18:20:15,354 [INFO] Rule:228 - rule 117617 - U5Cobra4M][GTZC] default value MPCBB3 and MPCBB5 - Not Secured memory - MPCBB3 is applicable
2024-05-19 18:20:15,354 [INFO] Rule:228 - rule 117617 - U5Cobra4M][GTZC] default value MPCBB3 and MPCBB5 - Not Secured memory - MPCBB3 is applicable
2024-05-19 18:20:15,354 [INFO] Rule:228 - rule 117617 - U5Cobra4M][GTZC] default value MPCBB3 and MPCBB5 - Not Secured memory - MPCBB4 is applicable
2024-05-19 18:20:15,354 [INFO] Rule:228 - rule 117617 - U5Cobra4M][GTZC] default value MPCBB3 and MPCBB5 - Not Secured memory - MPCBB4 is applicable
2024-05-19 18:20:15,354 [INFO] Rule:228 - rule 117617 - U5Cobra4M][GTZC] default value MPCBB3 and MPCBB5 - Secured memory - MPCBB1 is applicable
2024-05-19 18:20:15,354 [INFO] Rule:228 - rule 117617 - U5Cobra4M][GTZC] default value MPCBB3 and MPCBB5 - Secured memory - MPCBB2 is applicable
2024-05-19 18:20:15,354 [INFO] Rule:228 - rule 117617 - U5Cobra4M][GTZC] default value MPCBB3 and MPCBB5 - Secured memory - MPCBB3 is applicable
2024-05-19 18:20:15,354 [INFO] Rule:228 - rule 117617 - U5Cobra4M][GTZC] default value MPCBB3 and MPCBB5 - Secured memory - MPCBB4 is applicable
2024-05-19 18:20:15,355 [INFO] Rule:228 - rule 117617 - U5Cobra4M][GTZC] default value MPCBB3 and MPCBB5 - Privileged memory - MPCBB1 is applicable
2024-05-19 18:20:15,355 [INFO] Rule:228 - rule 117617 - U5Cobra4M][GTZC] default value MPCBB3 and MPCBB5 - Privileged memory - MPCBB2 is applicable
2024-05-19 18:20:15,355 [INFO] Rule:228 - rule 117617 - U5Cobra4M][GTZC] default value MPCBB3 and MPCBB5 - Privileged memory - MPCBB3 is applicable
2024-05-19 18:20:15,355 [INFO] Rule:228 - rule 117617 - U5Cobra4M][GTZC] default value MPCBB3 and MPCBB5 - Privileged memory - MPCBB4 is applicable
2024-05-19 18:20:15,355 [INFO] Rule:228 - rule 117617 - U5Cobra4M][GTZC] default value MPCBB3 and MPCBB5 - Not Privileged memory - MPCBB1 is applicable
2024-05-19 18:20:15,355 [INFO] Rule:228 - rule 117617 - U5Cobra4M][GTZC] default value MPCBB3 and MPCBB5 - Not Privileged memory - MPCBB2 is applicable
2024-05-19 18:20:15,355 [INFO] Rule:228 - rule 117617 - U5Cobra4M][GTZC] default value MPCBB3 and MPCBB5 - Not Privileged memory - MPCBB3 is applicable
2024-05-19 18:20:15,355 [INFO] Rule:228 - rule 117617 - U5Cobra4M][GTZC] default value MPCBB3 and MPCBB5 - Not Privileged memory - MPCBB4 is applicable
2024-05-19 18:20:15,355 [INFO] Rule:228 - rule 117617 - U5Cobra4M][GTZC] default value MPCBB3 and MPCBB5 - Privileged memory - MPCBB1 is applicable
2024-05-19 18:20:15,355 [INFO] Rule:228 - rule 117617 - U5Cobra4M][GTZC] default value MPCBB3 and MPCBB5 - Privileged memory - MPCBB2 is applicable
2024-05-19 18:20:15,355 [INFO] Rule:228 - rule 117617 - U5Cobra4M][GTZC] default value MPCBB3 and MPCBB5 - Privileged memory - MPCBB3 is applicable
2024-05-19 18:20:15,355 [INFO] Rule:228 - rule 117617 - U5Cobra4M][GTZC] default value MPCBB3 and MPCBB5 - Privileged memory - MPCBB4 is applicable
2024-05-19 18:20:15,355 [INFO] Rule:228 - rule 117617 - U5Cobra4M][GTZC] default value MPCBB3 and MPCBB5 - Privileged memory - MPCBB1 is applicable
2024-05-19 18:20:15,355 [INFO] Rule:228 - rule 117617 - U5Cobra4M][GTZC] default value MPCBB3 and MPCBB5 - Privileged memory - MPCBB2 is applicable
2024-05-19 18:20:15,355 [INFO] Rule:228 - rule 117617 - U5Cobra4M][GTZC] default value MPCBB3 and MPCBB5 - Privileged memory - MPCBB3 is applicable
2024-05-19 18:20:15,355 [INFO] Rule:228 - rule 117617 - U5Cobra4M][GTZC] default value MPCBB3 and MPCBB5 - Privileged memory - MPCBB4 is applicable
2024-05-19 18:20:15,355 [INFO] Rule:228 - rule 117617 - U5Cobra4M][GTZC] default value MPCBB3 and MPCBB5 - Not Privileged memory - MPCBB1 is applicable
2024-05-19 18:20:15,355 [INFO] Rule:228 - rule 117617 - U5Cobra4M][GTZC] default value MPCBB3 and MPCBB5 - Not Privileged memory - MPCBB2 is applicable
2024-05-19 18:20:15,355 [INFO] Rule:228 - rule 117617 - U5Cobra4M][GTZC] default value MPCBB3 and MPCBB5 - Not Privileged memory - MPCBB3 is applicable
2024-05-19 18:20:15,355 [INFO] Rule:228 - rule 117617 - U5Cobra4M][GTZC] default value MPCBB3 and MPCBB5 - Not Privileged memory - MPCBB4 is applicable
2024-05-19 18:20:15,355 [INFO] Rule:228 - rule 117617 - U5Cobra4M][GTZC] default value MPCBB3 and MPCBB5 - Privileged memory - MPCBB1 is applicable
2024-05-19 18:20:15,355 [INFO] Rule:228 - rule 117617 - U5Cobra4M][GTZC] default value MPCBB3 and MPCBB5 - Privileged memory - MPCBB2 is applicable
2024-05-19 18:20:15,355 [INFO] Rule:228 - rule 117617 - U5Cobra4M][GTZC] default value MPCBB3 and MPCBB5 - Privileged memory - MPCBB3 is applicable
2024-05-19 18:20:15,355 [INFO] Rule:228 - rule 117617 - U5Cobra4M][GTZC] default value MPCBB3 and MPCBB5 - Privileged memory - MPCBB4 is applicable
2024-05-19 18:20:15,355 [INFO] Rule:228 - rule Rename SubGHz_Phy SUBGHZ_APPLICATION SUBGHZ_PINGPONG to SUBGHZ_ADV_APPLICATION is applicable
2024-05-19 18:20:15,355 [INFO] Rule:228 - rule GTZC_S instance for project manager is applicable
2024-05-19 18:20:15,355 [INFO] Rule:228 - rule GTZC_S instance for context M33S is applicable
2024-05-19 18:20:15,355 [INFO] Rule:228 - rule GTZC_S instance value for IP GTZC is applicable
2024-05-19 18:20:15,356 [INFO] Rule:228 - rule GTZC_S instance for mcu.IP is applicable
2024-05-19 18:20:15,356 [INFO] Rule:228 - rule GTZC_S instance for VP is applicable
2024-05-19 18:20:15,356 [INFO] Rule:228 - rule GTZC_S instance for signal is applicable
2024-05-19 18:20:15,356 [INFO] Rule:228 - rule GTZC_S instance for VP is applicable
2024-05-19 18:20:15,356 [INFO] Rule:228 - rule GTZC_S instance for signal is applicable
2024-05-19 18:20:15,356 [INFO] Rule:228 - rule GTZC_S instance for mcu is applicable
2024-05-19 18:20:15,356 [INFO] Rule:228 - rule GTZC_S instance for mcu.Pin is applicable
2024-05-19 18:20:15,356 [INFO] Rule:228 - rule GTZC_S instance value for IP GTZC is applicable
2024-05-19 18:20:15,356 [INFO] Rule:228 - rule GTZC_S instance for project manager is applicable
2024-05-19 18:20:15,356 [INFO] Rule:228 - rule GTZC_S instance for context M33S is applicable
2024-05-19 18:20:15,356 [INFO] Rule:228 - rule GTZC_S instance for VP is applicable
2024-05-19 18:20:15,356 [INFO] Rule:228 - rule GTZC_S instance for signal is applicable
2024-05-19 18:20:15,356 [INFO] Rule:228 - rule WakeUp0 Mode is applicable
2024-05-19 18:20:15,356 [INFO] Rule:228 - rule WakeUp0 SIGNAL is applicable
2024-05-19 18:20:15,356 [INFO] Rule:228 - rule WakeUp1 Mode is applicable
2024-05-19 18:20:15,356 [INFO] Rule:228 - rule WakeUp1 SIGNAL is applicable
2024-05-19 18:20:15,356 [INFO] Rule:228 - rule WakeUp2 Mode is applicable
2024-05-19 18:20:15,356 [INFO] Rule:228 - rule WakeUp2 SIGNAL is applicable
2024-05-19 18:20:15,356 [INFO] Rule:228 - rule WakeUp4 Mode is applicable
2024-05-19 18:20:15,356 [INFO] Rule:228 - rule WakeUp4 SIGNAL is applicable
2024-05-19 18:20:15,356 [INFO] Rule:228 - rule WakeUp5 Mode is applicable
2024-05-19 18:20:15,356 [INFO] Rule:228 - rule WakeUp5 SIGNAL is applicable
2024-05-19 18:20:15,356 [INFO] Rule:228 - rule Change Default Value for LSE Drive Capability for WB family is applicable
2024-05-19 18:20:15,357 [INFO] Rule:228 - rule Change Default Value for ADC Clock Prescaler G0 family is applicable
2024-05-19 18:20:15,357 [INFO] Rule:228 - rule Change GPIO_Pu Default Value for I2C is applicable
2024-05-19 18:20:15,357 [INFO] Rule:228 - rule Change GPIO_Pu Default Value for SMBus is applicable
2024-05-19 18:20:15,357 [INFO] Rule:228 - rule change FDCAN default value is applicable
2024-05-19 18:20:15,359 [INFO] DbConfProperties:307 - Apply Compatibility (3/67 Rules)
2024-05-19 18:20:15,536 [INFO] RtosManager:555 - Registered RTOS mode: class=CMSIS, group=RTOS, mode=CMSIS_V1, owner=FREERTOS
2024-05-19 18:20:15,537 [INFO] RtosManager:555 - Registered RTOS mode: class=CMSIS, group=RTOS2, mode=CMSIS_V2, owner=FREERTOS
2024-05-19 18:20:15,537 [INFO] RtosManager:555 - Registered RTOS mode: class=RTOS, group=Core, mode=CMSIS_V1, owner=FREERTOS
2024-05-19 18:20:15,537 [INFO] RtosManager:555 - Registered RTOS mode: class=RTOS, group=Core, mode=CMSIS_V2, owner=FREERTOS
2024-05-19 18:20:15,537 [WARN] ModelIntegratedComponent:184 - Missing modes for component STMicroelectronics:FreeRTOS:0.0.1:STMicroelectronics:RTOS:FreeRTOS:Core:::10.2.0:
2024-05-19 18:20:15,541 [WARN] ModelIntegratedComponent:63 - No mode defined for component null
2024-05-19 18:20:15,541 [WARN] ModelIntegratedComponent:63 - No mode defined for component null
2024-05-19 18:20:15,541 [WARN] ModelIntegratedComponent:63 - No mode defined for component null
2024-05-19 18:20:15,541 [WARN] ModelIntegratedComponent:63 - No mode defined for component null
2024-05-19 18:20:15,541 [WARN] ModelIntegratedComponent:63 - No mode defined for component null
2024-05-19 18:20:15,541 [WARN] ModelIntegratedComponent:63 - No mode defined for component null
2024-05-19 18:20:15,541 [WARN] ModelIntegratedComponent:63 - No mode defined for component null
2024-05-19 18:20:15,541 [WARN] ModelIntegratedComponent:63 - No mode defined for component null
2024-05-19 18:20:15,541 [WARN] ModelIntegratedComponent:63 - No mode defined for component null
2024-05-19 18:20:15,541 [WARN] ModelIntegratedComponent:63 - No mode defined for component null
2024-05-19 18:20:15,541 [WARN] ModelIntegratedComponent:63 - No mode defined for component null
2024-05-19 18:20:15,541 [WARN] ModelIntegratedComponent:63 - No mode defined for component null
2024-05-19 18:20:15,541 [WARN] ModelIntegratedComponent:63 - No mode defined for component null
2024-05-19 18:20:15,541 [WARN] ModelIntegratedComponent:63 - No mode defined for component null
2024-05-19 18:20:15,541 [WARN] ModelIntegratedComponent:63 - No mode defined for component null
2024-05-19 18:20:15,541 [WARN] ModelIntegratedComponent:63 - No mode defined for component null
2024-05-19 18:20:15,541 [WARN] ModelIntegratedComponent:63 - No mode defined for component null
2024-05-19 18:20:15,541 [WARN] ModelIntegratedComponent:63 - No mode defined for component null
2024-05-19 18:20:15,541 [WARN] ModelIntegratedComponent:63 - No mode defined for component null
2024-05-19 18:20:15,541 [WARN] ModelIntegratedComponent:63 - No mode defined for component null
2024-05-19 18:20:15,541 [WARN] ModelIntegratedComponent:63 - No mode defined for component null
2024-05-19 18:20:15,541 [WARN] ModelIntegratedComponent:63 - No mode defined for component null
2024-05-19 18:20:15,541 [WARN] ModelIntegratedComponent:63 - No mode defined for component null
2024-05-19 18:20:15,542 [WARN] ModelIntegratedComponent:63 - No mode defined for component null
2024-05-19 18:20:15,542 [WARN] ModelIntegratedComponent:63 - No mode defined for component null
2024-05-19 18:20:15,542 [WARN] ModelIntegratedComponent:63 - No mode defined for component null
2024-05-19 18:20:15,542 [WARN] ModelIntegratedComponent:63 - No mode defined for component null
2024-05-19 18:20:15,542 [WARN] ModelIntegratedComponent:63 - No mode defined for component null
2024-05-19 18:20:15,542 [WARN] ModelIntegratedComponent:63 - No mode defined for component null
2024-05-19 18:20:15,542 [WARN] ModelIntegratedComponent:63 - No mode defined for component null
2024-05-19 18:20:15,542 [WARN] ModelIntegratedComponent:63 - No mode defined for component null
2024-05-19 18:20:15,542 [WARN] ModelIntegratedComponent:63 - No mode defined for component null
2024-05-19 18:20:15,542 [WARN] ModelIntegratedComponent:63 - No mode defined for component null
2024-05-19 18:20:15,542 [WARN] ModelIntegratedComponent:63 - No mode defined for component null
2024-05-19 18:20:15,678 [INFO] ThirdPartyModel:298 - Start build external matchings
2024-05-19 18:20:17,161 [INFO] ThirdPartyModel:316 - End build external matchings
2024-05-19 18:20:17,501 [INFO] UtilMem:75 - End LoadConfig() Used Memory: 857735640 Bytes (990904320)
2024-05-19 18:20:17,601 [WARN] ThirdParty:833 - waiting for thirdparty lock release [change project]
2024-05-19 18:20:17,601 [INFO] ThirdParty:835 - entering critical section [change project]
2024-05-19 18:20:17,601 [INFO] ThirdParty:1030 - CMSIS Pack Vendor :STMicroelectronics USBPD 4.1
2024-05-19 18:20:17,601 [INFO] ThirdParty:1030 - CMSIS Pack Vendor :STMicroelectronics X-CUBE-GNSS1 6.0.0
2024-05-19 18:20:17,601 [INFO] ThirdParty:1030 - CMSIS Pack Vendor :STMicroelectronics USB_HOST 2.0.0
2024-05-19 18:20:17,601 [INFO] ThirdParty:1030 - CMSIS Pack Vendor :STMicroelectronics FP-SNS-MOTENVWB1 1.4.0
2024-05-19 18:20:17,601 [INFO] ThirdParty:1030 - CMSIS Pack Vendor :STMicroelectronics X-CUBE-AZRTOS-F4 1.1.0
2024-05-19 18:20:17,601 [INFO] ThirdParty:1030 - CMSIS Pack Vendor :STMicroelectronics LIBJPEG 8.0.0
2024-05-19 18:20:17,601 [INFO] ThirdParty:1030 - CMSIS Pack Vendor :STMicroelectronics X-CUBE-SMBUS 2.1.0
2024-05-19 18:20:17,601 [INFO] ThirdParty:1030 - CMSIS Pack Vendor :STMicroelectronics X-CUBE-FREERTOS 1.2.0
2024-05-19 18:20:17,601 [INFO] ThirdParty:1030 - CMSIS Pack Vendor :STMicroelectronics X-CUBE-TOUCHGFX 4.23.1
2024-05-19 18:20:17,601 [INFO] ThirdParty:1030 - CMSIS Pack Vendor :STMicroelectronics X-CUBE-TOUCHGFX 4.23.2
2024-05-19 18:20:17,601 [INFO] ThirdParty:1030 - CMSIS Pack Vendor :STMicroelectronics X-CUBE-AZRTOS-F7 1.1.0
2024-05-19 18:20:17,601 [INFO] ThirdParty:1030 - CMSIS Pack Vendor :STMicroelectronics X-CUBE-AZRTOS-L5 2.0.0
2024-05-19 18:20:17,601 [INFO] ThirdParty:1030 - CMSIS Pack Vendor :STMicroelectronics USB_DEVICE 2.0.0
2024-05-19 18:20:17,601 [INFO] ThirdParty:1030 - CMSIS Pack Vendor :STMicroelectronics X-CUBE-MEMS1 9.6.0
2024-05-19 18:20:17,601 [INFO] ThirdParty:1030 - CMSIS Pack Vendor :STMicroelectronics X-CUBE-EEPRMA1 4.2.0
2024-05-19 18:20:17,601 [INFO] ThirdParty:1030 - CMSIS Pack Vendor :STMicroelectronics X-CUBE-NFC6 3.1.0
2024-05-19 18:20:17,601 [INFO] ThirdParty:1030 - CMSIS Pack Vendor :ITTIA_DB I-CUBE-ITTIADB 8.8.0
2024-05-19 18:20:17,601 [INFO] ThirdParty:1030 - CMSIS Pack Vendor :STMicroelectronics FP-SNS-MOTENV1 4.3.2
2024-05-19 18:20:17,601 [INFO] ThirdParty:1030 - CMSIS Pack Vendor :STMicroelectronics X-CUBE-BLE1 6.2.3
2024-05-19 18:20:17,602 [INFO] ThirdParty:1030 - CMSIS Pack Vendor :STMicroelectronics X-CUBE-BLE1 6.2.4
2024-05-19 18:20:17,602 [INFO] ThirdParty:1030 - CMSIS Pack Vendor :STMicroelectronics FreeRTOS 0.0.1
2024-05-19 18:20:17,602 [INFO] ThirdParty:1030 - CMSIS Pack Vendor :STMicroelectronics X-CUBE-BLEMGR 2.0.0
2024-05-19 18:20:17,602 [INFO] ThirdParty:1030 - CMSIS Pack Vendor :STMicroelectronics FP-SNS-FLIGHT1 5.0.2
2024-05-19 18:20:17,602 [INFO] ThirdParty:1030 - CMSIS Pack Vendor :STMicroelectronics X-CUBE-NFC4 2.0.4
2024-05-19 18:20:17,602 [INFO] ThirdParty:1030 - CMSIS Pack Vendor :STMicroelectronics X-CUBE-AI 9.0.0
2024-05-19 18:20:17,602 [INFO] ThirdParty:1030 - CMSIS Pack Vendor :STMicroelectronics X-CUBE-AZRTOS-H7 3.1.0
2024-05-19 18:20:17,602 [INFO] ThirdParty:1030 - CMSIS Pack Vendor :STMicroelectronics PDM2PCM 3.3.0
2024-05-19 18:20:17,602 [INFO] ThirdParty:1030 - CMSIS Pack Vendor :STMicroelectronics X-CUBE-TOF1 3.1.0
2024-05-19 18:20:17,602 [INFO] ThirdParty:1030 - CMSIS Pack Vendor :STMicroelectronics X-CUBE-DISPLAY 3.0.0
2024-05-19 18:20:17,602 [INFO] ThirdParty:1030 - CMSIS Pack Vendor :STMicroelectronics X-CUBE-BLE1 7.0.0
2024-05-19 18:20:17,602 [INFO] ThirdParty:1030 - CMSIS Pack Vendor :wolfSSL I-CUBE-wolfSSL 5.5.0
2024-05-19 18:20:17,602 [INFO] ThirdParty:1030 - CMSIS Pack Vendor :STMicroelectronics HAL Drivers 0.0.0
2024-05-19 18:20:17,602 [INFO] ThirdParty:1030 - CMSIS Pack Vendor :STMicroelectronics X-CUBE-TOUCHGFX 4.22.0
2024-05-19 18:20:17,602 [INFO] ThirdParty:1030 - CMSIS Pack Vendor :STMicroelectronics X-CUBE-NFC7 1.0.1
2024-05-19 18:20:17,602 [INFO] ThirdParty:1030 - CMSIS Pack Vendor :STMicroelectronics MBEDTLS 2.14.1
2024-05-19 18:20:17,602 [INFO] ThirdParty:1030 - CMSIS Pack Vendor :STMicroelectronics X-CUBE-NFC7 1.0.0
2024-05-19 18:20:17,602 [INFO] ThirdParty:1030 - CMSIS Pack Vendor :STMicroelectronics X-CUBE-TOUCHGFX 4.22.1
2024-05-19 18:20:17,602 [INFO] ThirdParty:1030 - CMSIS Pack Vendor :STMicroelectronics X-CUBE-NFC6 3.0.0
2024-05-19 18:20:17,602 [INFO] ThirdParty:1030 - CMSIS Pack Vendor :STMicroelectronics X-CUBE-MEMS1 9.3.0
2024-05-19 18:20:17,602 [INFO] ThirdParty:1030 - CMSIS Pack Vendor :STMicroelectronics X-CUBE-EEPRMA1 4.1.0
2024-05-19 18:20:17,602 [INFO] ThirdParty:1030 - CMSIS Pack Vendor :STMicroelectronics X-CUBE-AI 7.2.0
2024-05-19 18:20:17,602 [INFO] ThirdParty:1030 - CMSIS Pack Vendor :STMicroelectronics X-CUBE-BLEMGR 3.1.0
2024-05-19 18:20:17,602 [INFO] ThirdParty:1030 - CMSIS Pack Vendor :STMicroelectronics FP-SNS-SMARTAG2 1.2.0
2024-05-19 18:20:17,602 [INFO] ThirdParty:1030 - CMSIS Pack Vendor :STMicroelectronics X-CUBE-AZRTOS-WL 2.0.0
2024-05-19 18:20:17,602 [INFO] ThirdParty:1030 - CMSIS Pack Vendor :STMicroelectronics FP-SNS-MOTENV1 5.0.0
2024-05-19 18:20:17,602 [INFO] ThirdParty:1030 - CMSIS Pack Vendor :STMicroelectronics USB_DEVICE 1.0.0
2024-05-19 18:20:17,602 [INFO] ThirdParty:1030 - CMSIS Pack Vendor :STMicroelectronics X-CUBE-AI 8.1.0
2024-05-19 18:20:17,602 [INFO] ThirdParty:1030 - CMSIS Pack Vendor :STMicroelectronics X-CUBE-AZRTOS-L4 2.0.0
2024-05-19 18:20:17,602 [INFO] ThirdParty:1030 - CMSIS Pack Vendor :STMicroelectronics ThreadX 0.0.2
2024-05-19 18:20:17,602 [INFO] ThirdParty:1030 - CMSIS Pack Vendor :WES I-CUBE-Cesium 1.3.0
2024-05-19 18:20:17,602 [INFO] ThirdParty:1030 - CMSIS Pack Vendor :STMicroelectronics lwIP 2.1.2
2024-05-19 18:20:17,602 [INFO] ThirdParty:1030 - CMSIS Pack Vendor :STMicroelectronics X-CUBE-SFXS2LP1 4.0.0
2024-05-19 18:20:17,602 [INFO] ThirdParty:1030 - CMSIS Pack Vendor :STMicroelectronics X-CUBE-BLE2 3.3.0
2024-05-19 18:20:17,602 [INFO] ThirdParty:1030 - CMSIS Pack Vendor :STMicroelectronics X-CUBE-DISPLAY 2.2.0
2024-05-19 18:20:17,602 [INFO] ThirdParty:1030 - CMSIS Pack Vendor :STMicroelectronics PDM2PCM 3.2.0
2024-05-19 18:20:17,602 [INFO] ThirdParty:1030 - CMSIS Pack Vendor :STMicroelectronics X-CUBE-ISPU 1.0.0
2024-05-19 18:20:17,602 [INFO] ThirdParty:1030 - CMSIS Pack Vendor :STMicroelectronics X-CUBE-ISPU 1.1.0
2024-05-19 18:20:17,602 [INFO] ThirdParty:1030 - CMSIS Pack Vendor :RoweBots I-CUBE-UNISONRTOS 5.5.0-4
2024-05-19 18:20:17,602 [INFO] ThirdParty:1030 - CMSIS Pack Vendor :STMicroelectronics X-CUBE-AZRTOS-H7 2.1.0
2024-05-19 18:20:17,602 [INFO] ThirdParty:1030 - CMSIS Pack Vendor :STMicroelectronics USB_DEVICE 3.0.0
2024-05-19 18:20:17,602 [INFO] ThirdParty:1030 - CMSIS Pack Vendor :STMicroelectronics X-CUBE-TCPP 4.1.0
2024-05-19 18:20:17,602 [INFO] ThirdParty:1030 - CMSIS Pack Vendor :STMicroelectronics X-CUBE-AZRTOS-WB 2.0.0
2024-05-19 18:20:17,602 [INFO] ThirdParty:1030 - CMSIS Pack Vendor :STMicroelectronics X-CUBE-FREERTOS 1.0.1
2024-05-19 18:20:17,602 [INFO] ThirdParty:1030 - CMSIS Pack Vendor :STMicroelectronics X-CUBE-BLEMGR 1.0.0
2024-05-19 18:20:17,602 [INFO] ThirdParty:1030 - CMSIS Pack Vendor :STMicroelectronics X-CUBE-ALGOBUILD 1.3.0
2024-05-19 18:20:17,602 [INFO] ThirdParty:1030 - CMSIS Pack Vendor :STMicroelectronics X-CUBE-AZRTOS-L5 1.1.0
2024-05-19 18:20:17,602 [INFO] ThirdParty:1030 - CMSIS Pack Vendor :STMicroelectronics X-CUBE-AZRTOS-G0 1.1.0
2024-05-19 18:20:17,602 [INFO] ThirdParty:1030 - CMSIS Pack Vendor :STMicroelectronics X-CUBE-AI 8.0.1
2024-05-19 18:20:17,602 [INFO] ThirdParty:1030 - CMSIS Pack Vendor :STMicroelectronics X-CUBE-SAFEA1 1.2.2
2024-05-19 18:20:17,602 [INFO] ThirdParty:1030 - CMSIS Pack Vendor :STMicroelectronics X-CUBE-NFC4 3.0.0
2024-05-19 18:20:17,603 [INFO] ThirdParty:1030 - CMSIS Pack Vendor :SEGGER I-CUBE-embOS 1.2.0
2024-05-19 18:20:17,603 [INFO] ThirdParty:1030 - CMSIS Pack Vendor :STMicroelectronics X-CUBE-SUBG2 5.0.0
2024-05-19 18:20:17,603 [INFO] ThirdParty:1030 - CMSIS Pack Vendor :STMicroelectronics STM32_WPAN 1.0.0
2024-05-19 18:20:17,603 [INFO] ThirdParty:1030 - CMSIS Pack Vendor :STMicroelectronics lwIP 2.0.3
2024-05-19 18:20:17,603 [INFO] ThirdParty:1030 - CMSIS Pack Vendor :Cesanta I-CUBE-Mongoose 7.13.0
2024-05-19 18:20:17,603 [INFO] ThirdParty:1030 - CMSIS Pack Vendor :STMicroelectronics USB_HOST 1.0.0
2024-05-19 18:20:17,603 [INFO] ThirdParty:1030 - CMSIS Pack Vendor :STMicroelectronics X-CUBE-TOF1 3.3.1
2024-05-19 18:20:17,603 [INFO] ThirdParty:1030 - CMSIS Pack Vendor :STMicroelectronics X-CUBE-AZRTOS-G4 2.0.0
2024-05-19 18:20:17,603 [INFO] ThirdParty:1030 - CMSIS Pack Vendor :STMicroelectronics PDM2PCM 3.1.0
2024-05-19 18:20:17,603 [INFO] ThirdParty:1030 - CMSIS Pack Vendor :STMicroelectronics FP-ATR-ASTRA1 1.1.1
2024-05-19 18:20:17,603 [INFO] ThirdParty:1030 - CMSIS Pack Vendor :Infineon AIROC-Wi-Fi-Bluetooth-STM32 1.5.1
2024-05-19 18:20:17,603 [INFO] ThirdParty:1030 - CMSIS Pack Vendor :STMicroelectronics X-CUBE-BLEMGR 3.0.0
2024-05-19 18:20:17,603 [INFO] ThirdParty:1030 - CMSIS Pack Vendor :STMicroelectronics FP-SNS-MOTENVWB1 1.3.0
2024-05-19 18:20:17,603 [INFO] ThirdParty:1030 - CMSIS Pack Vendor :STMicroelectronics FP-SNS-MOTENVWB1 1.3.1
2024-05-19 18:20:17,603 [INFO] ThirdParty:1030 - CMSIS Pack Vendor :STMicroelectronics FP-ATR-SIGFOX1 3.2.0
2024-05-19 18:20:17,603 [INFO] ThirdParty:1030 - CMSIS Pack Vendor :STMicroelectronics X-CUBE-AZRTOS-G4 1.0.0
2024-05-19 18:20:17,603 [INFO] ThirdParty:1030 - CMSIS Pack Vendor :STMicroelectronics X-CUBE-AZRTOS-L4 1.0.0
2024-05-19 18:20:17,603 [INFO] ThirdParty:1030 - CMSIS Pack Vendor :STMicroelectronics X-CUBE-ISPU 2.0.0
2024-05-19 18:20:17,603 [INFO] ThirdParty:1030 - CMSIS Pack Vendor :STMicroelectronics X-CUBE-EEPRMA1 5.1.0
2024-05-19 18:20:17,603 [INFO] ThirdParty:1030 - CMSIS Pack Vendor :STMicroelectronics MBEDTLS 2.16.2
2024-05-19 18:20:17,603 [INFO] ThirdParty:1030 - CMSIS Pack Vendor :emotas I-CUBE-CANOPEN 1.1.2
2024-05-19 18:20:17,603 [INFO] ThirdParty:1030 - CMSIS Pack Vendor :STMicroelectronics X-CUBE-TOUCHGFX 4.20.0
2024-05-19 18:20:17,603 [INFO] ThirdParty:1030 - CMSIS Pack Vendor :STMicroelectronics X-CUBE-MEMS1 10.0.0
2024-05-19 18:20:17,603 [INFO] ThirdParty:1030 - CMSIS Pack Vendor :STMicroelectronics X-CUBE-FREERTOS 1.1.0
2024-05-19 18:20:17,603 [INFO] ThirdParty:1030 - CMSIS Pack Vendor :STMicroelectronics X-CUBE-AZRTOS-WL 1.0.0
2024-05-19 18:20:17,603 [INFO] ThirdParty:1030 - CMSIS Pack Vendor :portGmbH I-Cube-SoM-uGOAL 1.1.0
2024-05-19 18:20:17,603 [INFO] ThirdParty:1030 - CMSIS Pack Vendor :STMicroelectronics X-CUBE-ALS 1.0.1
2024-05-19 18:20:17,603 [INFO] ThirdParty:1030 - CMSIS Pack Vendor :STMicroelectronics ThreadX 1.0.0
2024-05-19 18:20:17,603 [INFO] ThirdParty:1030 - CMSIS Pack Vendor :STMicroelectronics X-CUBE-AZRTOS-WB 1.1.0
2024-05-19 18:20:17,603 [INFO] ThirdParty:1030 - CMSIS Pack Vendor :SEGGER I-CUBE-embOS 1.3.1
2024-05-19 18:20:17,603 [INFO] ThirdParty:1030 - CMSIS Pack Vendor :STMicroelectronics X-CUBE-ALGOBUILD 1.4.0
2024-05-19 18:20:17,603 [INFO] ThirdParty:1030 - CMSIS Pack Vendor :STMicroelectronics X-CUBE-AZRTOS-L5 1.0.0
2024-05-19 18:20:17,603 [INFO] ThirdParty:1030 - CMSIS Pack Vendor :STMicroelectronics X-CUBE-EEPRMA1 3.1.1
2024-05-19 18:20:17,603 [INFO] ThirdParty:1030 - CMSIS Pack Vendor :STMicroelectronics X-CUBE-AZRTOS-H7RS 1.0.0
2024-05-19 18:20:17,603 [INFO] ThirdParty:1030 - CMSIS Pack Vendor :STMicroelectronics FP-ATR-ASTRA1 2.0.0
2024-05-19 18:20:17,603 [INFO] ThirdParty:1030 - CMSIS Pack Vendor :STMicroelectronics X-CUBE-TOF1 3.4.1
2024-05-19 18:20:17,603 [INFO] ThirdParty:1030 - CMSIS Pack Vendor :STMicroelectronics X-CUBE-AZRTOS-H7 3.2.0
2024-05-19 18:20:17,603 [INFO] ThirdParty:841 - exiting critical section [change project]
2024-05-19 18:20:18,024 [INFO] PinOutPanel:1561 - setPackage(No Configuration,No Configuration)
2024-05-19 18:20:18,025 [INFO] PinOutPanel:1561 - setPackage(STM32L4A6ZGTx,LQFP144)
2024-05-19 18:20:18,384 [INFO] UtilMem:75 - Before build in PCC Used Memory: 536070848 Bytes (990904320)
2024-05-19 18:20:19,064 [INFO] UtilMem:75 - After build in PCC Used Memory: 711709376 Bytes (990904320)
2024-05-19 18:20:19,089 [INFO] IPUIPlugin:80 - create IPUIPlugin
2024-05-19 18:20:19,089 [INFO] IPUIPlugin:80 - create IPUIPlugin
2024-05-19 18:20:19,089 [INFO] IPUIPlugin:80 - create IPUIPlugin
2024-05-19 18:20:19,089 [INFO] IPUIPlugin:80 - create IPUIPlugin
2024-05-19 18:20:19,089 [INFO] IPUIPlugin:80 - create IPUIPlugin
2024-05-19 18:20:19,089 [INFO] IPUIPlugin:80 - create IPUIPlugin
2024-05-19 18:20:19,090 [INFO] IPUIPlugin:80 - create IPUIPlugin
2024-05-19 18:20:19,090 [INFO] IPUIPlugin:80 - create IPUIPlugin
2024-05-19 18:20:19,090 [INFO] IPUIPlugin:80 - create IPUIPlugin
2024-05-19 18:20:19,090 [INFO] IPUIPlugin:80 - create IPUIPlugin
2024-05-19 18:20:19,090 [INFO] IPUIPlugin:80 - create IPUIPlugin
2024-05-19 18:20:19,090 [INFO] IPUIPlugin:80 - create IPUIPlugin
2024-05-19 18:20:19,090 [INFO] IPUIPlugin:80 - create IPUIPlugin
2024-05-19 18:20:19,090 [INFO] IPUIPlugin:80 - create IPUIPlugin
2024-05-19 18:20:19,090 [INFO] IPUIPlugin:80 - create IPUIPlugin
2024-05-19 18:20:19,090 [INFO] IPUIPlugin:80 - create IPUIPlugin
2024-05-19 18:20:19,090 [INFO] IPUIPlugin:80 - create IPUIPlugin
2024-05-19 18:20:19,090 [INFO] IPUIPlugin:80 - create IPUIPlugin
2024-05-19 18:20:19,091 [INFO] IPUIPlugin:80 - create IPUIPlugin
2024-05-19 18:20:19,091 [INFO] IPUIPlugin:80 - create IPUIPlugin
2024-05-19 18:20:19,091 [INFO] IPUIPlugin:80 - create IPUIPlugin
2024-05-19 18:20:19,091 [INFO] IPUIPlugin:80 - create IPUIPlugin
2024-05-19 18:20:19,091 [INFO] IPUIPlugin:80 - create IPUIPlugin
2024-05-19 18:20:19,091 [INFO] IPUIPlugin:80 - create IPUIPlugin
2024-05-19 18:20:19,091 [INFO] IPUIPlugin:80 - create IPUIPlugin
2024-05-19 18:20:19,091 [INFO] IPUIPlugin:80 - create IPUIPlugin
2024-05-19 18:20:19,091 [INFO] IPUIPlugin:80 - create IPUIPlugin
2024-05-19 18:20:19,092 [INFO] IPUIPlugin:80 - create IPUIPlugin
2024-05-19 18:20:19,092 [INFO] IPUIPlugin:80 - create IPUIPlugin
2024-05-19 18:20:19,092 [INFO] IPUIPlugin:80 - create IPUIPlugin
2024-05-19 18:20:19,092 [INFO] IPUIPlugin:80 - create IPUIPlugin
2024-05-19 18:20:19,092 [INFO] IPUIPlugin:80 - create IPUIPlugin
2024-05-19 18:20:19,092 [INFO] IPUIPlugin:80 - create IPUIPlugin
2024-05-19 18:20:19,092 [INFO] IPUIPlugin:80 - create IPUIPlugin
2024-05-19 18:20:19,093 [INFO] IPUIPlugin:80 - create IPUIPlugin
2024-05-19 18:20:19,093 [INFO] IPUIPlugin:80 - create IPUIPlugin
2024-05-19 18:20:19,093 [INFO] IPUIPlugin:80 - create IPUIPlugin
2024-05-19 18:20:19,093 [INFO] IPUIPlugin:80 - create IPUIPlugin
2024-05-19 18:20:19,093 [INFO] IPUIPlugin:80 - create IPUIPlugin
2024-05-19 18:20:19,093 [INFO] IPUIPlugin:80 - create IPUIPlugin
2024-05-19 18:20:19,093 [INFO] IPUIPlugin:80 - create IPUIPlugin
2024-05-19 18:20:19,094 [INFO] IPUIPlugin:80 - create IPUIPlugin
2024-05-19 18:20:19,094 [INFO] IPUIPlugin:80 - create IPUIPlugin
2024-05-19 18:20:19,094 [INFO] IPUIPlugin:80 - create IPUIPlugin
2024-05-19 18:20:19,094 [INFO] IPUIPlugin:80 - create IPUIPlugin
2024-05-19 18:20:19,094 [INFO] IPUIPlugin:80 - create IPUIPlugin
2024-05-19 18:20:19,095 [INFO] IPUIPlugin:80 - create IPUIPlugin
2024-05-19 18:20:19,095 [INFO] IPUIPlugin:80 - create IPUIPlugin
2024-05-19 18:20:19,095 [INFO] IPUIPlugin:80 - create IPUIPlugin
2024-05-19 18:20:19,095 [INFO] IPUIPlugin:80 - create IPUIPlugin
2024-05-19 18:20:19,095 [INFO] IPUIPlugin:80 - create IPUIPlugin
2024-05-19 18:20:19,095 [INFO] IPUIPlugin:80 - create IPUIPlugin
2024-05-19 18:20:19,096 [INFO] IPUIPlugin:80 - create IPUIPlugin
2024-05-19 18:20:19,096 [INFO] IPUIPlugin:80 - create IPUIPlugin
2024-05-19 18:20:19,096 [INFO] IPUIPlugin:80 - create IPUIPlugin
2024-05-19 18:20:19,096 [INFO] IPUIPlugin:80 - create IPUIPlugin
2024-05-19 18:20:19,096 [INFO] IPUIPlugin:80 - create IPUIPlugin
2024-05-19 18:20:19,097 [INFO] IPUIPlugin:80 - create IPUIPlugin
2024-05-19 18:20:19,097 [INFO] IPUIPlugin:80 - create IPUIPlugin
2024-05-19 18:20:19,097 [INFO] IPUIPlugin:80 - create IPUIPlugin
2024-05-19 18:20:19,097 [INFO] IPUIPlugin:80 - create IPUIPlugin
2024-05-19 18:20:19,098 [INFO] IPUIPlugin:80 - create IPUIPlugin
2024-05-19 18:20:19,098 [INFO] IPUIPlugin:80 - create IPUIPlugin
2024-05-19 18:20:19,098 [INFO] IPUIPlugin:80 - create IPUIPlugin
2024-05-19 18:20:19,098 [INFO] IPUIPlugin:80 - create IPUIPlugin
2024-05-19 18:20:19,099 [INFO] IPUIPlugin:80 - create IPUIPlugin
2024-05-19 18:20:19,196 [INFO] CADModel:165 - CPN selected for project levelSTM32L4A6ZGT6
2024-05-19 18:20:19,197 [INFO] CADModel:114 - Register for checkConnection events
2024-05-19 18:20:19,239 [INFO] OpenFileManager:343 - Restore cursor
2024-05-19 18:20:19,785 [INFO] UtilMem:75 - End SaveConfig() Used Memory: 597520056 Bytes (990904320)
2024-05-19 18:20:19,842 [INFO] UtilMem:75 - End SaveConfig() Used Memory: 628977336 Bytes (990904320)
2024-05-19 18:20:20,217 [INFO] BlockDiagram:2759 - set Specific Code input for plugin: SYS
2024-05-19 18:20:20,217 [INFO] BlockDiagram:2759 - set Specific Code input for plugin: RCC
2024-05-19 18:20:20,217 [INFO] BlockDiagram:2759 - set Specific Code input for plugin: NVIC
2024-05-19 18:20:20,217 [INFO] BlockDiagram:2759 - set Specific Code input for plugin: GPIO
2024-05-19 18:20:20,218 [INFO] CodeGenerator:807 - code generatio: config db path: C:\ST\STM32CubeIDE_1.15.0\STM32CubeIDE\plugins\com.st.stm32cube.common.mx_6.11.0.202403141607\\db\
2024-05-19 18:20:20,354 [INFO] CodeEngine:255 - oldGeneratedFile, C:\Users\rahee\Documents\CPE329\A9\MXTmpFiles\license.tmp_save
2024-05-19 18:20:20,586 [INFO] CodeEngine:279 - Generated code: C:\Users\rahee\Documents\CPE329\A9\MXTmpFiles\license.tmp
2024-05-19 18:20:20,696 [INFO] CodeEngine:255 - oldGeneratedFile, C:\Users\rahee\Documents\CPE329\A9\MXTmpFiles\gpio.tmp_save
2024-05-19 18:20:20,817 [INFO] CodeEngine:279 - Generated code: C:\Users\rahee\Documents\CPE329\A9\MXTmpFiles\gpio.tmp
2024-05-19 18:20:20,910 [INFO] CodeEngine:255 - oldGeneratedFile, C:\Users\rahee\Documents\CPE329\A9\Core\Src\stm32l4xx_it.c_save
2024-05-19 18:20:21,031 [INFO] CodeEngine:279 - Generated code: C:\Users\rahee\Documents\CPE329\A9\Core\Src\stm32l4xx_it.c
2024-05-19 18:20:21,040 [INFO] CodeEngine:255 - oldGeneratedFile, C:\Users\rahee\Documents\CPE329\A9\Core\Inc\stm32l4xx_it.h_save
2024-05-19 18:20:21,099 [INFO] CodeEngine:279 - Generated code: C:\Users\rahee\Documents\CPE329\A9\Core\Inc\stm32l4xx_it.h
2024-05-19 18:20:21,114 [INFO] CodeEngine:255 - oldGeneratedFile, C:\Users\rahee\Documents\CPE329\A9\Core\Src\stm32l4xx_hal_msp.c_save
2024-05-19 18:20:21,209 [INFO] CodeEngine:279 - Generated code: C:\Users\rahee\Documents\CPE329\A9\Core\Src\stm32l4xx_hal_msp.c
2024-05-19 18:20:21,216 [INFO] CodeEngine:255 - oldGeneratedFile, C:\Users\rahee\Documents\CPE329\A9\MXTmpFiles\system.tmp_save
2024-05-19 18:20:21,270 [INFO] CodeEngine:279 - Generated code: C:\Users\rahee\Documents\CPE329\A9\MXTmpFiles\system.tmp
2024-05-19 18:20:21,282 [INFO] CodeEngine:311 - oldGeneratedFile, C:\Users\rahee\Documents\CPE329\A9\Core\Inc\stm32l4xx_hal_conf.h_save
2024-05-19 18:20:21,351 [INFO] CodeEngine:335 - Generated code: C:\Users\rahee\Documents\CPE329\A9\Core\Inc\stm32l4xx_hal_conf.h
2024-05-19 18:20:21,399 [INFO] CodeEngine:255 - oldGeneratedFile, C:\Users\rahee\Documents\CPE329\A9\Core\Inc\main.h_save
2024-05-19 18:20:21,485 [INFO] CodeEngine:279 - Generated code: C:\Users\rahee\Documents\CPE329\A9\Core\Inc\main.h
2024-05-19 18:20:21,493 [INFO] CodeEngine:255 - oldGeneratedFile, C:\Users\rahee\Documents\CPE329\A9\Core\Src\main.c_save
2024-05-19 18:20:21,600 [INFO] CodeEngine:279 - Generated code: C:\Users\rahee\Documents\CPE329\A9\Core\Src\main.c
2024-05-19 18:20:21,930 [INFO] ProjectBuilder:3163 - Time for Copy HAL[1] : 113mS.
2024-05-19 18:20:21,935 [INFO] ProjectBuilder:4736 - Project Generator version: 4.3.0-B58
2024-05-19 18:20:22,003 [INFO] ConfigFileManager:1503 - The Die is : DIE461
2024-05-19 18:20:22,017 [INFO] ApiDbMcu:508 - Load IP Config File for FATFS
2024-05-19 18:20:22,026 [INFO] ApiDbMcu:508 - Load IP Config File for FREERTOS
2024-05-19 18:20:22,042 [INFO] ApiDbMcu:508 - Load IP Config File for TOUCHSENSING
2024-05-19 18:20:22,052 [INFO] ApiDbMcu:508 - Load IP Config File for USB_DEVICE
2024-05-19 18:20:22,060 [INFO] ApiDbMcu:508 - Load IP Config File for USB_HOST
2024-05-19 18:20:22,488 [INFO] LogOutputStream:77 - [STDOUT_REDIRECT] 
2024-05-19 18:20:24,472 [INFO] ProjectBuilder:5002 - Time for Generating toolchain IDE Files: 2536mS.
2024-05-19 18:20:24,472 [INFO] ProjectBuilder:3034 - Time for Copy CMSIS : 0mS.
2024-05-19 18:20:24,474 [INFO] ProjectBuilder:3034 - Time for Copy CMSIS : 0mS.
2024-05-19 18:20:25,483 [INFO] McuFinderGlobals:76 - Set McuFinderConnectedMode to true
2024-05-19 18:20:25,485 [INFO] ApiDb:448 - Save user favorites file C:\Users\rahee/.stm32cubeide/favorites.mcus.txt: 0 item(s)
2024-05-19 18:20:25,485 [INFO] ApiDb:452 - User favorites MCUs=[]
2024-05-19 18:20:25,486 [INFO] ApiDb:448 - Save user favorites file C:\Users\rahee/.stm32cubeide/favorites.boards.txt: 0 item(s)
2024-05-19 18:20:25,486 [INFO] ApiDb:452 - User favorites Boards=[]
2024-05-19 21:13:15,977 [ERROR] LogOutputStream:75 - [STDERR_REDIRECT] 
2024-05-19 21:13:15,978 [ERROR] LogOutputStream:75 - [STDERR_REDIRECT] 
